This is pdfTeX, Version 3.141592653-2.6-1.40.22 (MiKTeX 21.3) (preloaded format=pdflatex 2021.4.12)  18 MAR 2025 22:31
entering extended mode
**C:/Users/homeoffice/Dropbox/Uni/MZES/tea/2023/bayesintro/bayesintro/lecture-m
aterials/01-01-lec.tex

(C:/Users/homeoffice/Dropbox/Uni/MZES/tea/2023/bayesintro/bayesintro/lecture-ma
terials/01-01-lec.tex
LaTeX2e <2020-10-01> patch level 4
L3 programming layer <2021-02-18> (C:\Program Files\MiKTeX\tex/latex/base\artic
le.cls
Document Class: article 2020/04/10 v1.4m Standard LaTeX document class
(C:\Program Files\MiKTeX\tex/latex/base\size11.clo
File: size11.clo 2020/04/10 v1.4m Standard LaTeX file (size option)
)
\c@part=\count179
\c@section=\count180
\c@subsection=\count181
\c@subsubsection=\count182
\c@paragraph=\count183
\c@subparagraph=\count184
\c@figure=\count185
\c@table=\count186
\abovecaptionskip=\skip47
\belowcaptionskip=\skip48
\bibindent=\dimen138
) (C:\Program Files\MiKTeX\tex/latex/amsmath\amsmath.sty
Package: amsmath 2020/09/23 v2.17i AMS math features
\@mathmargin=\skip49
For additional information on amsmath, use the `?' option.
(C:\Program Files\MiKTeX\tex/latex/amsmath\amstext.sty
Package: amstext 2000/06/29 v2.01 AMS text
(C:\Program Files\MiKTeX\tex/latex/amsmath\amsgen.sty
File: amsgen.sty 1999/11/30 v2.0 generic functions
\@emptytoks=\toks15
\ex@=\dimen139
)) (C:\Program Files\MiKTeX\tex/latex/amsmath\amsbsy.sty
Package: amsbsy 1999/11/29 v1.2d Bold Symbols
\pmbraise@=\dimen140
) (C:\Program Files\MiKTeX\tex/latex/amsmath\amsopn.sty
Package: amsopn 2016/03/08 v2.02 operator names
)
\inf@bad=\count187
LaTeX Info: Redefining \frac on input line 234.
\uproot@=\count188
\leftroot@=\count189
LaTeX Info: Redefining \overline on input line 399.
\classnum@=\count190
\DOTSCASE@=\count191
LaTeX Info: Redefining \ldots on input line 496.
LaTeX Info: Redefining \dots on input line 499.
LaTeX Info: Redefining \cdots on input line 620.
\Mathstrutbox@=\box47
\strutbox@=\box48
\big@size=\dimen141
LaTeX Font Info:    Redeclaring font encoding OML on input line 743.
LaTeX Font Info:    Redeclaring font encoding OMS on input line 744.
\macc@depth=\count192
\c@MaxMatrixCols=\count193
\dotsspace@=\muskip16
\c@parentequation=\count194
\dspbrk@lvl=\count195
\tag@help=\toks16
\row@=\count196
\column@=\count197
\maxfields@=\count198
\andhelp@=\toks17
\eqnshift@=\dimen142
\alignsep@=\dimen143
\tagshift@=\dimen144
\tagwidth@=\dimen145
\totwidth@=\dimen146
\lineht@=\dimen147
\@envbody=\toks18
\multlinegap=\skip50
\multlinetaggap=\skip51
\mathdisplay@stack=\toks19
LaTeX Info: Redefining \[ on input line 2923.
LaTeX Info: Redefining \] on input line 2924.
) (C:\Program Files\MiKTeX\tex/latex/amsfonts\amssymb.sty
Package: amssymb 2013/01/14 v3.01 AMS font symbols
(C:\Program Files\MiKTeX\tex/latex/amsfonts\amsfonts.sty
Package: amsfonts 2013/01/14 v3.01 Basic AMSFonts support
\symAMSa=\mathgroup4
\symAMSb=\mathgroup5
LaTeX Font Info:    Redeclaring math symbol \hbar on input line 98.
LaTeX Font Info:    Overwriting math alphabet `\mathfrak' in version `bold'
(Font)                  U/euf/m/n --> U/euf/b/n on input line 106.
)) (C:\Users\homeoffice\AppData\Roaming\MiKTeX\tex/latex/setspace\setspace.sty
Package: setspace 2011/12/19 v6.7a set line spacing
) (C:\Program Files\MiKTeX\tex/generic/iftex\iftex.sty
Package: iftex 2020/03/06 v1.0d TeX engine tests
) (C:\Program Files\MiKTeX\tex/latex/base\fontenc.sty
Package: fontenc 2020/08/10 v2.0s Standard LaTeX package
) (C:\Program Files\MiKTeX\tex/latex/base\inputenc.sty
Package: inputenc 2020/08/01 v1.3d Input encoding file
\inpenc@prehook=\toks20
\inpenc@posthook=\toks21
) (C:\Program Files\MiKTeX\tex/latex/base\textcomp.sty
Package: textcomp 2020/02/02 v2.0n Standard LaTeX package
) (C:\Program Files\MiKTeX\tex/latex/lm\lmodern.sty
Package: lmodern 2009/10/30 v1.6 Latin Modern Fonts
LaTeX Font Info:    Overwriting symbol font `operators' in version `normal'
(Font)                  OT1/cmr/m/n --> OT1/lmr/m/n on input line 22.
LaTeX Font Info:    Overwriting symbol font `letters' in version `normal'
(Font)                  OML/cmm/m/it --> OML/lmm/m/it on input line 23.
LaTeX Font Info:    Overwriting symbol font `symbols' in version `normal'
(Font)                  OMS/cmsy/m/n --> OMS/lmsy/m/n on input line 24.
LaTeX Font Info:    Overwriting symbol font `largesymbols' in version `normal'
(Font)                  OMX/cmex/m/n --> OMX/lmex/m/n on input line 25.
LaTeX Font Info:    Overwriting symbol font `operators' in version `bold'
(Font)                  OT1/cmr/bx/n --> OT1/lmr/bx/n on input line 26.
LaTeX Font Info:    Overwriting symbol font `letters' in version `bold'
(Font)                  OML/cmm/b/it --> OML/lmm/b/it on input line 27.
LaTeX Font Info:    Overwriting symbol font `symbols' in version `bold'
(Font)                  OMS/cmsy/b/n --> OMS/lmsy/b/n on input line 28.
LaTeX Font Info:    Overwriting symbol font `largesymbols' in version `bold'
(Font)                  OMX/cmex/m/n --> OMX/lmex/m/n on input line 29.
LaTeX Font Info:    Overwriting math alphabet `\mathbf' in version `normal'
(Font)                  OT1/cmr/bx/n --> OT1/lmr/bx/n on input line 31.
LaTeX Font Info:    Overwriting math alphabet `\mathsf' in version `normal'
(Font)                  OT1/cmss/m/n --> OT1/lmss/m/n on input line 32.
LaTeX Font Info:    Overwriting math alphabet `\mathit' in version `normal'
(Font)                  OT1/cmr/m/it --> OT1/lmr/m/it on input line 33.
LaTeX Font Info:    Overwriting math alphabet `\mathtt' in version `normal'
(Font)                  OT1/cmtt/m/n --> OT1/lmtt/m/n on input line 34.
LaTeX Font Info:    Overwriting math alphabet `\mathbf' in version `bold'
(Font)                  OT1/cmr/bx/n --> OT1/lmr/bx/n on input line 35.
LaTeX Font Info:    Overwriting math alphabet `\mathsf' in version `bold'
(Font)                  OT1/cmss/bx/n --> OT1/lmss/bx/n on input line 36.
LaTeX Font Info:    Overwriting math alphabet `\mathit' in version `bold'
(Font)                  OT1/cmr/bx/it --> OT1/lmr/bx/it on input line 37.
LaTeX Font Info:    Overwriting math alphabet `\mathtt' in version `bold'
(Font)                  OT1/cmtt/m/n --> OT1/lmtt/m/n on input line 38.
) (C:\Users\homeoffice\AppData\Roaming\MiKTeX\tex/latex/upquote\upquote.sty
Package: upquote 2012/04/19 v1.3 upright-quote and grave-accent glyphs in verba
tim
) (C:\Users\homeoffice\AppData\Roaming\MiKTeX\tex/latex/microtype\microtype.sty
Package: microtype 2021/03/14 v2.8c Micro-typographical refinements (RS)
(C:\Program Files\MiKTeX\tex/latex/graphics\keyval.sty
Package: keyval 2014/10/28 v1.15 key=value parser (DPC)
\KV@toks@=\toks22
)
\MT@toks=\toks23
\MT@count=\count199
LaTeX Info: Redefining \textls on input line 790.
\MT@outer@kern=\dimen148
LaTeX Info: Redefining \textmicrotypecontext on input line 1374.
\MT@listname@count=\count266

(C:\Users\homeoffice\AppData\Roaming\MiKTeX\tex/latex/microtype\microtype-pdfte
x.def
File: microtype-pdftex.def 2021/03/14 v2.8c Definitions specific to pdftex (RS)

LaTeX Info: Redefining \lsstyle on input line 915.
LaTeX Info: Redefining \lslig on input line 915.
\MT@outer@space=\skip52
)
Package microtype Info: Loading configuration file microtype.cfg.
(C:\Users\homeoffice\AppData\Roaming\MiKTeX\tex/latex/microtype\microtype.cfg
File: microtype.cfg 2021/03/14 v2.8c microtype main configuration file (RS)
)) (C:\Users\homeoffice\AppData\Roaming\MiKTeX\tex/latex/parskip\parskip.sty
Package: parskip 2021-03-14 v2.0h non-zero parskip adjustments
(C:\Users\homeoffice\AppData\Roaming\MiKTeX\tex/latex/kvoptions\kvoptions.sty
Package: kvoptions 2020-10-07 v3.14 Key value format for package options (HO)
(C:\Users\homeoffice\AppData\Roaming\MiKTeX\tex/generic/ltxcmds\ltxcmds.sty
Package: ltxcmds 2020-05-10 v1.25 LaTeX kernel commands for general use (HO)
)
(C:\Users\homeoffice\AppData\Roaming\MiKTeX\tex/generic/kvsetkeys\kvsetkeys.sty
Package: kvsetkeys 2019/12/15 v1.18 Key value parser (HO)
)) (C:\Program Files\MiKTeX\tex/latex/etoolbox\etoolbox.sty
Package: etoolbox 2020/10/05 v2.5k e-TeX tools for LaTeX (JAW)
\etb@tempcnta=\count267
)) (C:\Program Files\MiKTeX\tex/latex/xcolor\xcolor.sty
Package: xcolor 2016/05/11 v2.12 LaTeX color extensions (UK)
(C:\Program Files\MiKTeX\tex/latex/graphics-cfg\color.cfg
File: color.cfg 2016/01/02 v1.6 sample color configuration
)
Package xcolor Info: Driver file: pdftex.def on input line 225.
(C:\Program Files\MiKTeX\tex/latex/graphics-def\pdftex.def
File: pdftex.def 2020/10/05 v1.2a Graphics/color driver for pdftex
)
Package xcolor Info: Model `cmy' substituted by `cmy0' on input line 1348.
Package xcolor Info: Model `hsb' substituted by `rgb' on input line 1352.
Package xcolor Info: Model `RGB' extended on input line 1364.
Package xcolor Info: Model `HTML' substituted by `rgb' on input line 1366.
Package xcolor Info: Model `Hsb' substituted by `hsb' on input line 1367.
Package xcolor Info: Model `tHsb' substituted by `hsb' on input line 1368.
Package xcolor Info: Model `HSB' substituted by `hsb' on input line 1369.
Package xcolor Info: Model `Gray' substituted by `gray' on input line 1370.
Package xcolor Info: Model `wave' substituted by `hsb' on input line 1371.
(C:\Program Files\MiKTeX\tex/latex/graphics\dvipsnam.def
File: dvipsnam.def 2016/06/17 v3.0m Driver-dependent file (DPC,SPQR)
) (C:\Program Files\MiKTeX\tex/latex/xcolor\svgnam.def
File: svgnam.def 2016/05/11 v2.12 Predefined colors according to SVG 1.1 (UK)
) (C:\Program Files\MiKTeX\tex/latex/xcolor\x11nam.def
File: x11nam.def 2016/05/11 v2.12 Predefined colors according to Unix/X11 (UK)
)) (C:\Users\homeoffice\AppData\Roaming\MiKTeX\tex/latex/geometry\geometry.sty
Package: geometry 2020/01/02 v5.9 Page Geometry
(C:\Program Files\MiKTeX\tex/generic/iftex\ifvtex.sty
Package: ifvtex 2019/10/25 v1.7 ifvtex legacy package. Use iftex instead.
)
\Gm@cnth=\count268
\Gm@cntv=\count269
\c@Gm@tempcnt=\count270
\Gm@bindingoffset=\dimen149
\Gm@wd@mp=\dimen150
\Gm@odd@mp=\dimen151
\Gm@even@mp=\dimen152
\Gm@layoutwidth=\dimen153
\Gm@layoutheight=\dimen154
\Gm@layouthoffset=\dimen155
\Gm@layoutvoffset=\dimen156
\Gm@dimlist=\toks24
(C:\Users\homeoffice\AppData\Roaming\MiKTeX\tex/latex/geometry\geometry.cfg)) (
C:\Users\homeoffice\AppData\Roaming\MiKTeX\tex/latex/fancyvrb\fancyvrb.sty
Package: fancyvrb 2021/01/20 v3.7 verbatim text (tvz,hv)
\FV@CodeLineNo=\count271
\FV@InFile=\read2
\FV@TabBox=\box49
\c@FancyVerbLine=\count272
\FV@StepNumber=\count273
\FV@OutFile=\write3
) (C:\Users\homeoffice\AppData\Roaming\MiKTeX\tex/latex/framed\framed.sty
Package: framed 2011/10/22 v 0.96: framed or shaded text with page breaks
\OuterFrameSep=\skip53
\fb@frw=\dimen157
\fb@frh=\dimen158
\FrameRule=\dimen159
\FrameSep=\dimen160
)
(C:\Users\homeoffice\AppData\Roaming\MiKTeX\tex/latex/latex-tools\longtable.sty
Package: longtable 2020/01/07 v4.13 Multi-page Table package (DPC)
\LTleft=\skip54
\LTright=\skip55
\LTpre=\skip56
\LTpost=\skip57
\LTchunksize=\count274
\LTcapwidth=\dimen161
\LT@head=\box50
\LT@firsthead=\box51
\LT@foot=\box52
\LT@lastfoot=\box53
\LT@cols=\count275
\LT@rows=\count276
\c@LT@tables=\count277
\c@LT@chunks=\count278
\LT@p@ftn=\toks25
) (C:\Users\homeoffice\AppData\Roaming\MiKTeX\tex/latex/booktabs\booktabs.sty
Package: booktabs 2020/01/12 v1.61803398 Publication quality tables
\heavyrulewidth=\dimen162
\lightrulewidth=\dimen163
\cmidrulewidth=\dimen164
\belowrulesep=\dimen165
\belowbottomsep=\dimen166
\aboverulesep=\dimen167
\abovetopsep=\dimen168
\cmidrulesep=\dimen169
\cmidrulekern=\dimen170
\defaultaddspace=\dimen171
\@cmidla=\count279
\@cmidlb=\count280
\@aboverulesep=\dimen172
\@belowrulesep=\dimen173
\@thisruleclass=\count281
\@lastruleclass=\count282
\@thisrulewidth=\dimen174
) (C:\Users\homeoffice\AppData\Roaming\MiKTeX\tex/latex/latex-tools\array.sty
Package: array 2020/10/01 v2.5c Tabular extension package (FMi)
\col@sep=\dimen175
\ar@mcellbox=\box54
\extrarowheight=\dimen176
\NC@list=\toks26
\extratabsurround=\skip58
\backup@length=\skip59
\ar@cellbox=\box55
) (C:\Users\homeoffice\AppData\Roaming\MiKTeX\tex/latex/latex-tools\calc.sty
Package: calc 2017/05/25 v4.3 Infix arithmetic (KKT,FJ)
\calc@Acount=\count283
\calc@Bcount=\count284
\calc@Adimen=\dimen177
\calc@Bdimen=\dimen178
\calc@Askip=\skip60
\calc@Bskip=\skip61
LaTeX Info: Redefining \setlength on input line 80.
LaTeX Info: Redefining \addtolength on input line 81.
\calc@Ccount=\count285
\calc@Cskip=\skip62
)
(C:\Users\homeoffice\AppData\Roaming\MiKTeX\tex/latex/footnotehyper\footnotehyp
er.sty
Package: footnotehyper 2021/02/04 v1.1d hyperref aware footnote.sty (JFB)
\FNH@notes=\box56
\FNH@width=\dimen179
\FNH@toks=\toks27
) (C:\Program Files\MiKTeX\tex/latex/graphics\graphicx.sty
Package: graphicx 2020/09/09 v1.2b Enhanced LaTeX Graphics (DPC,SPQR)
(C:\Program Files\MiKTeX\tex/latex/graphics\graphics.sty
Package: graphics 2020/08/30 v1.4c Standard LaTeX Graphics (DPC,SPQR)
(C:\Program Files\MiKTeX\tex/latex/graphics\trig.sty
Package: trig 2016/01/03 v1.10 sin cos tan (DPC)
) (C:\Program Files\MiKTeX\tex/latex/graphics-cfg\graphics.cfg
File: graphics.cfg 2016/06/04 v1.11 sample graphics configuration
)
Package graphics Info: Driver file: pdftex.def on input line 105.
)
\Gin@req@height=\dimen180
\Gin@req@width=\dimen181
) (C:\Users\homeoffice\AppData\Roaming\MiKTeX\tex/latex/float\float.sty
Package: float 2001/11/08 v1.3d Float enhancements (AL)
\c@float@type=\count286
\float@exts=\toks28
\float@box=\box57
\@float@everytoks=\toks29
\@floatcapt=\box58
) (C:\Users\homeoffice\AppData\Roaming\MiKTeX\tex/latex/placeins\placeins.sty
Package: placeins 2005/04/18  v 2.2
) (C:\Program Files\MiKTeX\tex/latex/hyperref\hyperref.sty
Package: hyperref 2021-02-27 v7.00k Hypertext links for LaTeX
(C:\Program Files\MiKTeX\tex/generic/pdftexcmds\pdftexcmds.sty
Package: pdftexcmds 2020-06-27 v0.33 Utility functions of pdfTeX for LuaTeX (HO
)

(C:\Users\homeoffice\AppData\Roaming\MiKTeX\tex/generic/infwarerr\infwarerr.sty
Package: infwarerr 2019/12/03 v1.5 Providing info/warning/error messages (HO)
)
Package pdftexcmds Info: \pdf@primitive is available.
Package pdftexcmds Info: \pdf@ifprimitive is available.
Package pdftexcmds Info: \pdfdraftmode found.
)
(C:\Users\homeoffice\AppData\Roaming\MiKTeX\tex/generic/kvdefinekeys\kvdefineke
ys.sty
Package: kvdefinekeys 2019-12-19 v1.6 Define keys (HO)
)
(C:\Users\homeoffice\AppData\Roaming\MiKTeX\tex/generic/pdfescape\pdfescape.sty
Package: pdfescape 2019/12/09 v1.15 Implements pdfTeX's escape features (HO)
) (C:\Users\homeoffice\AppData\Roaming\MiKTeX\tex/latex/hycolor\hycolor.sty
Package: hycolor 2020-01-27 v1.10 Color options for hyperref/bookmark (HO)
)
(C:\Users\homeoffice\AppData\Roaming\MiKTeX\tex/latex/letltxmacro\letltxmacro.s
ty
Package: letltxmacro 2019/12/03 v1.6 Let assignment for LaTeX macros (HO)
) (C:\Users\homeoffice\AppData\Roaming\MiKTeX\tex/latex/auxhook\auxhook.sty
Package: auxhook 2019-12-17 v1.6 Hooks for auxiliary files (HO)
)
\@linkdim=\dimen182
\Hy@linkcounter=\count287
\Hy@pagecounter=\count288
(C:\Program Files\MiKTeX\tex/latex/hyperref\pd1enc.def
File: pd1enc.def 2021-02-27 v7.00k Hyperref: PDFDocEncoding definition (HO)
Now handling font encoding PD1 ...
... no UTF-8 mapping file for font encoding PD1
) (C:\Program Files\MiKTeX\tex/latex/hyperref\hyperref-langpatches.def
File: hyperref-langpatches.def 2021-02-27 v7.00k Hyperref: patches for babel la
nguages
) (C:\Users\homeoffice\AppData\Roaming\MiKTeX\tex/generic/intcalc\intcalc.sty
Package: intcalc 2019/12/15 v1.3 Expandable calculations with integers (HO)
) (C:\Users\homeoffice\AppData\Roaming\MiKTeX\tex/generic/etexcmds\etexcmds.sty
Package: etexcmds 2019/12/15 v1.7 Avoid name clashes with e-TeX commands (HO)
)
\Hy@SavedSpaceFactor=\count289
(C:\Program Files\MiKTeX\tex/latex/hyperref\puenc.def
File: puenc.def 2021-02-27 v7.00k Hyperref: PDF Unicode definition (HO)
Now handling font encoding PU ...
... no UTF-8 mapping file for font encoding PU
)
Package hyperref Info: Option `unicode' set `true' on input line 4073.
Package hyperref Info: Hyper figures OFF on input line 4192.
Package hyperref Info: Link nesting OFF on input line 4197.
Package hyperref Info: Hyper index ON on input line 4200.
Package hyperref Info: Plain pages OFF on input line 4207.
Package hyperref Info: Backreferencing OFF on input line 4212.
Package hyperref Info: Implicit mode ON; LaTeX internals redefined.
Package hyperref Info: Bookmarks ON on input line 4445.
\c@Hy@tempcnt=\count290
(C:\Program Files\MiKTeX\tex/latex/url\url.sty
\Urlmuskip=\muskip17
Package: url 2013/09/16  ver 3.4  Verb mode for urls, etc.
)
LaTeX Info: Redefining \url on input line 4804.
\XeTeXLinkMargin=\dimen183
(C:\Users\homeoffice\AppData\Roaming\MiKTeX\tex/generic/bitset\bitset.sty
Package: bitset 2019/12/09 v1.3 Handle bit-vector datatype (HO)

(C:\Users\homeoffice\AppData\Roaming\MiKTeX\tex/generic/bigintcalc\bigintcalc.s
ty
Package: bigintcalc 2019/12/15 v1.5 Expandable calculations on big integers (HO
)
))
\Fld@menulength=\count291
\Field@Width=\dimen184
\Fld@charsize=\dimen185
Package hyperref Info: Hyper figures OFF on input line 6075.
Package hyperref Info: Link nesting OFF on input line 6080.
Package hyperref Info: Hyper index ON on input line 6083.
Package hyperref Info: backreferencing OFF on input line 6090.
Package hyperref Info: Link coloring OFF on input line 6095.
Package hyperref Info: Link coloring with OCG OFF on input line 6100.
Package hyperref Info: PDF/A mode OFF on input line 6105.
LaTeX Info: Redefining \ref on input line 6145.
LaTeX Info: Redefining \pageref on input line 6149.
(C:\Program Files\MiKTeX\tex/latex/base\atbegshi-ltx.sty
Package: atbegshi-ltx 2020/08/17 v1.0a Emulation of the original atbegshi packa
ge
with kernel methods
)
\Hy@abspage=\count292
\c@Item=\count293
\c@Hfootnote=\count294
)
Package hyperref Info: Driver (autodetected): hpdftex.
(C:\Program Files\MiKTeX\tex/latex/hyperref\hpdftex.def
File: hpdftex.def 2021-02-27 v7.00k Hyperref driver for pdfTeX
(C:\Program Files\MiKTeX\tex/latex/base\atveryend-ltx.sty
Package: atveryend-ltx 2020/08/19 v1.0a Emulation of the original atvery packag
e
with kernel methods
)
\Fld@listcount=\count295
\c@bookmark@seq@number=\count296

(C:\Users\homeoffice\AppData\Roaming\MiKTeX\tex/latex/rerunfilecheck\rerunfilec
heck.sty
Package: rerunfilecheck 2019/12/05 v1.9 Rerun checks for auxiliary files (HO)

(C:\Users\homeoffice\AppData\Roaming\MiKTeX\tex/generic/uniquecounter\uniquecou
nter.sty
Package: uniquecounter 2019/12/15 v1.4 Provide unlimited unique counter (HO)
)
Package uniquecounter Info: New unique counter `rerunfilecheck' on input line 2
86.
)
\Hy@SectionHShift=\skip63
)
Package hyperref Info: Option `colorlinks' set `true' on input line 115.
(C:\Users\homeoffice\AppData\Roaming\MiKTeX\tex/latex/appendix\appendix.sty
Package: appendix 2020/02/08 v1.2c extra appendix facilities
\c@@pps=\count297
\c@@ppsavesec=\count298
\c@@ppsaveapp=\count299
) (C:\Users\homeoffice\AppData\Roaming\MiKTeX\tex/latex/titlesec\titletoc.sty
Package: titletoc 2019/10/16 v2.13 TOC entries
\ttl@leftsep=\dimen186
) (C:\Users\homeoffice\AppData\Roaming\MiKTeX\tex/latex/tocloft\tocloft.sty
Package: tocloft 2017/08/31 v2.3i parameterised ToC, etc., typesetting
Package tocloft Info: The document has section divisions on input line 51.
\cftparskip=\skip64
\cftbeforetoctitleskip=\skip65
\cftaftertoctitleskip=\skip66
\cftbeforepartskip=\skip67
\cftpartnumwidth=\skip68
\cftpartindent=\skip69
\cftbeforesecskip=\skip70
\cftsecindent=\skip71
\cftsecnumwidth=\skip72
\cftbeforesubsecskip=\skip73
\cftsubsecindent=\skip74
\cftsubsecnumwidth=\skip75
\cftbeforesubsubsecskip=\skip76
\cftsubsubsecindent=\skip77
\cftsubsubsecnumwidth=\skip78
\cftbeforeparaskip=\skip79
\cftparaindent=\skip80
\cftparanumwidth=\skip81
\cftbeforesubparaskip=\skip82
\cftsubparaindent=\skip83
\cftsubparanumwidth=\skip84
\cftbeforeloftitleskip=\skip85
\cftafterloftitleskip=\skip86
\cftbeforefigskip=\skip87
\cftfigindent=\skip88
\cftfignumwidth=\skip89
\c@lofdepth=\count300
\c@lotdepth=\count301
\cftbeforelottitleskip=\skip90
\cftafterlottitleskip=\skip91
\cftbeforetabskip=\skip92
\cfttabindent=\skip93
\cfttabnumwidth=\skip94

Package tocloft Warning: \@starttoc has already been redefined; tocloft bailing
 out. on input line 1156.

) (C:\Users\homeoffice\AppData\Roaming\MiKTeX\tex/latex/makecell\makecell.sty
Package: makecell 2009/08/03 V0.1e Managing of Tab Column Heads and Cells
\rotheadsize=\dimen187
\c@nlinenum=\count302
\TeXr@lab=\toks30
)
(C:\Users\homeoffice\AppData\Roaming\MiKTeX\tex/latex/newunicodechar\newunicode
char.sty
Package: newunicodechar 2018/04/08 v1.2 Defining Unicode characters
) (C:\Users\homeoffice\AppData\Roaming\MiKTeX\tex/latex/bookmark\bookmark.sty
Package: bookmark 2020-11-06 v1.29 PDF bookmarks (HO)
(C:\Users\homeoffice\AppData\Roaming\MiKTeX\tex/latex/bookmark\bkm-pdftex.def
File: bkm-pdftex.def 2020-11-06 v1.29 bookmark driver for pdfTeX (HO)
\BKM@id=\count303
)) (C:\Users\homeoffice\AppData\Roaming\MiKTeX\tex/latex/xurl\xurl.sty
Package: xurl 2020/12/30 v 0.09a modify URL breaks
)
Package hyperref Info: Option `colorlinks' set `true' on input line 137.
LaTeX Font Info:    Trying to load font information for T1+lmr on input line 14
3.
(C:\Program Files\MiKTeX\tex/latex/lm\t1lmr.fd
File: t1lmr.fd 2009/10/30 v1.6 Font defs for Latin Modern
) (C:\Program Files\MiKTeX\tex/latex/l3backend\l3backend-pdftex.def
File: l3backend-pdftex.def 2021-03-18 L3 backend support: PDF output (pdfTeX)
\l__color_backend_stack_int=\count304
\l__pdf_internal_box=\box59
) (01-01-lec.aux)
\openout1 = `01-01-lec.aux'.

LaTeX Font Info:    Checking defaults for OML/cmm/m/it on input line 143.
LaTeX Font Info:    ... okay on input line 143.
LaTeX Font Info:    Checking defaults for OMS/cmsy/m/n on input line 143.
LaTeX Font Info:    ... okay on input line 143.
LaTeX Font Info:    Checking defaults for OT1/cmr/m/n on input line 143.
LaTeX Font Info:    ... okay on input line 143.
LaTeX Font Info:    Checking defaults for T1/cmr/m/n on input line 143.
LaTeX Font Info:    ... okay on input line 143.
LaTeX Font Info:    Checking defaults for TS1/cmr/m/n on input line 143.
LaTeX Font Info:    ... okay on input line 143.
LaTeX Font Info:    Checking defaults for OMX/cmex/m/n on input line 143.
LaTeX Font Info:    ... okay on input line 143.
LaTeX Font Info:    Checking defaults for U/cmr/m/n on input line 143.
LaTeX Font Info:    ... okay on input line 143.
LaTeX Font Info:    Checking defaults for PD1/pdf/m/n on input line 143.
LaTeX Font Info:    ... okay on input line 143.
LaTeX Font Info:    Checking defaults for PU/pdf/m/n on input line 143.
LaTeX Font Info:    ... okay on input line 143.
LaTeX Info: Redefining \microtypecontext on input line 143.
Package microtype Info: Generating PDF output.
Package microtype Info: Character protrusion enabled (level 2).
Package microtype Info: Using protrusion set `basicmath'.
Package microtype Info: Automatic font expansion enabled (level 2),
(microtype)             stretch: 20, shrink: 20, step: 1, non-selected.
Package microtype Info: Using default expansion set `alltext-nott'.
LaTeX Info: Redefining \showhyphens on input line 143.
Package microtype Info: No adjustment of tracking.
Package microtype Info: No adjustment of interword spacing.
Package microtype Info: No adjustment of character kerning.
(C:\Users\homeoffice\AppData\Roaming\MiKTeX\tex/latex/microtype\mt-cmr.cfg
File: mt-cmr.cfg 2013/05/19 v2.2 microtype config. file: Computer Modern Roman 
(RS)
) (C:\Program Files\MiKTeX\tex/context/base/mkii\supp-pdf.mkii
[Loading MPS to PDF converter (version 2006.09.02).]
\scratchcounter=\count305
\scratchdimen=\dimen188
\scratchbox=\box60
\nofMPsegments=\count306
\nofMParguments=\count307
\everyMPshowfont=\toks31
\MPscratchCnt=\count308
\MPscratchDim=\dimen189
\MPnumerator=\count309
\makeMPintoPDFobject=\count310
\everyMPtoPDFconversion=\toks32
) (C:\Program Files\MiKTeX\tex/latex/epstopdf-pkg\epstopdf-base.sty
Package: epstopdf-base 2020-01-24 v2.11 Base part for package epstopdf
Package epstopdf-base Info: Redefining graphics rule for `.eps' on input line 4
85.
(C:\Program Files\MiKTeX\tex/latex/00miktex\epstopdf-sys.cfg
File: epstopdf-sys.cfg 2021/03/18 v2.0 Configuration of epstopdf for MiKTeX
))
*geometry* driver: auto-detecting
*geometry* detected driver: pdftex
*geometry* verbose mode - [ preamble ] result:
* driver: pdftex
* paper: <default>
* layout: <same size as paper>
* layoutoffset:(h,v)=(0.0pt,0.0pt)
* modes: 
* h-part:(L,W,R)=(72.26999pt, 469.75502pt, 72.26999pt)
* v-part:(T,H,B)=(72.26999pt, 650.43001pt, 72.26999pt)
* \paperwidth=614.295pt
* \paperheight=794.96999pt
* \textwidth=469.75502pt
* \textheight=650.43001pt
* \oddsidemargin=0.0pt
* \evensidemargin=0.0pt
* \topmargin=-37.0pt
* \headheight=12.0pt
* \headsep=25.0pt
* \topskip=11.0pt
* \footskip=30.0pt
* \marginparwidth=59.0pt
* \marginparsep=10.0pt
* \columnsep=10.0pt
* \skip\footins=10.0pt plus 4.0pt minus 2.0pt
* \hoffset=0.0pt
* \voffset=0.0pt
* \mag=1000
* \@twocolumnfalse
* \@twosidefalse
* \@mparswitchfalse
* \@reversemarginfalse
* (1in=72.27pt=25.4mm, 1cm=28.453pt)

Package hyperref Info: Link coloring ON on input line 143.
(C:\Program Files\MiKTeX\tex/latex/hyperref\nameref.sty
Package: nameref 2021-04-02 v2.47 Cross-referencing by name of section
(C:\Users\homeoffice\AppData\Roaming\MiKTeX\tex/latex/refcount\refcount.sty
Package: refcount 2019/12/15 v3.6 Data extraction from label references (HO)
)
(C:\Users\homeoffice\AppData\Roaming\MiKTeX\tex/generic/gettitlestring\gettitle
string.sty
Package: gettitlestring 2019/12/15 v1.6 Cleanup title references (HO)
)
\c@section@level=\count311
)
LaTeX Info: Redefining \ref on input line 143.
LaTeX Info: Redefining \pageref on input line 143.
LaTeX Info: Redefining \nameref on input line 143.
LaTeX Font Info:    Trying to load font information for OT1+lmr on input line 1
45.
(C:\Program Files\MiKTeX\tex/latex/lm\ot1lmr.fd
File: ot1lmr.fd 2009/10/30 v1.6 Font defs for Latin Modern
)
LaTeX Font Info:    Trying to load font information for OML+lmm on input line 1
45.
(C:\Program Files\MiKTeX\tex/latex/lm\omllmm.fd
File: omllmm.fd 2009/10/30 v1.6 Font defs for Latin Modern
)
LaTeX Font Info:    Trying to load font information for OMS+lmsy on input line 
145.
(C:\Program Files\MiKTeX\tex/latex/lm\omslmsy.fd
File: omslmsy.fd 2009/10/30 v1.6 Font defs for Latin Modern
)
LaTeX Font Info:    Trying to load font information for OMX+lmex on input line 
145.
(C:\Program Files\MiKTeX\tex/latex/lm\omxlmex.fd
File: omxlmex.fd 2009/10/30 v1.6 Font defs for Latin Modern
)
LaTeX Font Info:    External font `lmex10' loaded for size
(Font)              <12> on input line 145.
LaTeX Font Info:    External font `lmex10' loaded for size
(Font)              <8> on input line 145.
LaTeX Font Info:    External font `lmex10' loaded for size
(Font)              <6> on input line 145.
LaTeX Font Info:    Trying to load font information for U+msa on input line 145
.
(C:\Program Files\MiKTeX\tex/latex/amsfonts\umsa.fd
File: umsa.fd 2013/01/14 v3.01 AMS symbols A
) (C:\Users\homeoffice\AppData\Roaming\MiKTeX\tex/latex/microtype\mt-msa.cfg
File: mt-msa.cfg 2006/02/04 v1.1 microtype config. file: AMS symbols (a) (RS)
)
LaTeX Font Info:    Trying to load font information for U+msb on input line 145
.
(C:\Program Files\MiKTeX\tex/latex/amsfonts\umsb.fd
File: umsb.fd 2013/01/14 v3.01 AMS symbols B
) (C:\Users\homeoffice\AppData\Roaming\MiKTeX\tex/latex/microtype\mt-msb.cfg
File: mt-msb.cfg 2005/06/01 v1.0 microtype config. file: AMS symbols (b) (RS)
)
LaTeX Font Info:    Trying to load font information for TS1+lmr on input line 1
54.
(C:\Program Files\MiKTeX\tex/latex/lm\ts1lmr.fd
File: ts1lmr.fd 2009/10/30 v1.6 Font defs for Latin Modern
)
LaTeX Font Info:    Trying to load font information for T1+lmtt on input line 1
64.
(C:\Program Files\MiKTeX\tex/latex/lm\t1lmtt.fd
File: t1lmtt.fd 2009/10/30 v1.6 Font defs for Latin Modern
)
LaTeX Font Info:    External font `lmex10' loaded for size
(Font)              <10.95> on input line 199.
[1

{C:/Users/homeoffice/AppData/Local/MiKTeX/pdftex/config/pdftex.map}]
LaTeX Font Info:    Font shape `T1/lmtt/bx/n' in size <10.95> not available
(Font)              Font shape `T1/lmtt/b/n' tried instead on input line 213.
[2] [3]
Underfull \hbox (badness 10000) in paragraph at lines 318--320

 []

[4]
<C:/Users/homeoffice/Dropbox/Uni/MZES/tea/2023/bayesintro/bayesintro/lecture-ma
terials/01-01-lec_files/figure-latex/binom-1-1.pdf, id=51, 469.755pt x 325.215p
t>
File: C:/Users/homeoffice/Dropbox/Uni/MZES/tea/2023/bayesintro/bayesintro/lectu
re-materials/01-01-lec_files/figure-latex/binom-1-1.pdf Graphic file (type pdf)

<use C:/Users/homeoffice/Dropbox/Uni/MZES/tea/2023/bayesintro/bayesintro/lectur
e-materials/01-01-lec_files/figure-latex/binom-1-1.pdf>
Package pdftex.def Info: C:/Users/homeoffice/Dropbox/Uni/MZES/tea/2023/bayesint
ro/bayesintro/lecture-materials/01-01-lec_files/figure-latex/binom-1-1.pdf  use
d on input line 343.
(pdftex.def)             Requested size: 469.75386pt x 325.2142pt.
<C:/Users/homeoffice/Dropbox/Uni/MZES/tea/2023/bayesintro/bayesintro/lecture-ma
terials/01-01-lec_files/figure-latex/binom-2-1.pdf, id=52, 505.89pt x 578.16pt>

File: C:/Users/homeoffice/Dropbox/Uni/MZES/tea/2023/bayesintro/bayesintro/lectu
re-materials/01-01-lec_files/figure-latex/binom-2-1.pdf Graphic file (type pdf)

<use C:/Users/homeoffice/Dropbox/Uni/MZES/tea/2023/bayesintro/bayesintro/lectur
e-materials/01-01-lec_files/figure-latex/binom-2-1.pdf>
Package pdftex.def Info: C:/Users/homeoffice/Dropbox/Uni/MZES/tea/2023/bayesint
ro/bayesintro/lecture-materials/01-01-lec_files/figure-latex/binom-2-1.pdf  use
d on input line 349.
(pdftex.def)             Requested size: 469.76265pt x 536.87161pt.
[5 <C:/Users/homeoffice/Dropbox/Uni/MZES/tea/2023/bayesintro/bayesintro/lecture
-materials/01-01-lec_files/figure-latex/binom-1-1.pdf>] [6 <C:/Users/homeoffice
/Dropbox/Uni/MZES/tea/2023/bayesintro/bayesintro/lecture-materials/01-01-lec_fi
les/figure-latex/binom-2-1.pdf>]
<C:/Users/homeoffice/Dropbox/Uni/MZES/tea/2023/bayesintro/bayesintro/lecture-ma
terials/01-01-lec_files/figure-latex/stdnorm-1-1.pdf, id=77, 469.755pt x 325.21
5pt>
File: C:/Users/homeoffice/Dropbox/Uni/MZES/tea/2023/bayesintro/bayesintro/lectu
re-materials/01-01-lec_files/figure-latex/stdnorm-1-1.pdf Graphic file (type pd
f)
<use C:/Users/homeoffice/Dropbox/Uni/MZES/tea/2023/bayesintro/bayesintro/lectur
e-materials/01-01-lec_files/figure-latex/stdnorm-1-1.pdf>
Package pdftex.def Info: C:/Users/homeoffice/Dropbox/Uni/MZES/tea/2023/bayesint
ro/bayesintro/lecture-materials/01-01-lec_files/figure-latex/stdnorm-1-1.pdf  u
sed on input line 359.
(pdftex.def)             Requested size: 469.75386pt x 325.2142pt.
<C:/Users/homeoffice/Dropbox/Uni/MZES/tea/2023/bayesintro/bayesintro/lecture-ma
terials/01-01-lec_files/figure-latex/stdnorm-3-1.pdf, id=78, 469.755pt x 325.21
5pt>
File: C:/Users/homeoffice/Dropbox/Uni/MZES/tea/2023/bayesintro/bayesintro/lectu
re-materials/01-01-lec_files/figure-latex/stdnorm-3-1.pdf Graphic file (type pd
f)
<use C:/Users/homeoffice/Dropbox/Uni/MZES/tea/2023/bayesintro/bayesintro/lectur
e-materials/01-01-lec_files/figure-latex/stdnorm-3-1.pdf>
Package pdftex.def Info: C:/Users/homeoffice/Dropbox/Uni/MZES/tea/2023/bayesint
ro/bayesintro/lecture-materials/01-01-lec_files/figure-latex/stdnorm-3-1.pdf  u
sed on input line 375.
(pdftex.def)             Requested size: 469.75386pt x 325.2142pt.
[7 <C:/Users/homeoffice/Dropbox/Uni/MZES/tea/2023/bayesintro/bayesintro/lecture
-materials/01-01-lec_files/figure-latex/stdnorm-1-1.pdf>]
<C:/Users/homeoffice/Dropbox/Uni/MZES/tea/2023/bayesintro/bayesintro/lecture-ma
terials/01-01-lec_files/figure-latex/stdnorm-5-1.pdf, id=92, 505.89pt x 578.16p
t>
File: C:/Users/homeoffice/Dropbox/Uni/MZES/tea/2023/bayesintro/bayesintro/lectu
re-materials/01-01-lec_files/figure-latex/stdnorm-5-1.pdf Graphic file (type pd
f)
<use C:/Users/homeoffice/Dropbox/Uni/MZES/tea/2023/bayesintro/bayesintro/lectur
e-materials/01-01-lec_files/figure-latex/stdnorm-5-1.pdf>
Package pdftex.def Info: C:/Users/homeoffice/Dropbox/Uni/MZES/tea/2023/bayesint
ro/bayesintro/lecture-materials/01-01-lec_files/figure-latex/stdnorm-5-1.pdf  u
sed on input line 391.
(pdftex.def)             Requested size: 469.76265pt x 536.87161pt.
[8 <C:/Users/homeoffice/Dropbox/Uni/MZES/tea/2023/bayesintro/bayesintro/lecture
-materials/01-01-lec_files/figure-latex/stdnorm-3-1.pdf>]
<C:/Users/homeoffice/Dropbox/Uni/MZES/tea/2023/bayesintro/bayesintro/lecture-ma
terials/01-01-lec_files/figure-latex/stdnorm-7-1.pdf, id=106, 469.755pt x 325.2
15pt>
File: C:/Users/homeoffice/Dropbox/Uni/MZES/tea/2023/bayesintro/bayesintro/lectu
re-materials/01-01-lec_files/figure-latex/stdnorm-7-1.pdf Graphic file (type pd
f)
<use C:/Users/homeoffice/Dropbox/Uni/MZES/tea/2023/bayesintro/bayesintro/lectur
e-materials/01-01-lec_files/figure-latex/stdnorm-7-1.pdf>
Package pdftex.def Info: C:/Users/homeoffice/Dropbox/Uni/MZES/tea/2023/bayesint
ro/bayesintro/lecture-materials/01-01-lec_files/figure-latex/stdnorm-7-1.pdf  u
sed on input line 405.
(pdftex.def)             Requested size: 469.75386pt x 325.2142pt.
[9 <C:/Users/homeoffice/Dropbox/Uni/MZES/tea/2023/bayesintro/bayesintro/lecture
-materials/01-01-lec_files/figure-latex/stdnorm-5-1.pdf>] [10 <C:/Users/homeoff
ice/Dropbox/Uni/MZES/tea/2023/bayesintro/bayesintro/lecture-materials/01-01-lec
_files/figure-latex/stdnorm-7-1.pdf>]
<C:/Users/homeoffice/Dropbox/Uni/MZES/tea/2023/bayesintro/bayesintro/lecture-ma
terials/01-01-lec_files/figure-latex/stdnorm-8-1.pdf, id=133, 469.755pt x 325.2
15pt>
File: C:/Users/homeoffice/Dropbox/Uni/MZES/tea/2023/bayesintro/bayesintro/lectu
re-materials/01-01-lec_files/figure-latex/stdnorm-8-1.pdf Graphic file (type pd
f)
<use C:/Users/homeoffice/Dropbox/Uni/MZES/tea/2023/bayesintro/bayesintro/lectur
e-materials/01-01-lec_files/figure-latex/stdnorm-8-1.pdf>
Package pdftex.def Info: C:/Users/homeoffice/Dropbox/Uni/MZES/tea/2023/bayesint
ro/bayesintro/lecture-materials/01-01-lec_files/figure-latex/stdnorm-8-1.pdf  u
sed on input line 435.
(pdftex.def)             Requested size: 469.75386pt x 325.2142pt.
[11 <C:/Users/homeoffice/Dropbox/Uni/MZES/tea/2023/bayesintro/bayesintro/lectur
e-materials/01-01-lec_files/figure-latex/stdnorm-8-1.pdf>]
<images/bvnnorm-1-1.png, id=145, 843.3909pt x 482.0409pt>
File: images/bvnnorm-1-1.png Graphic file (type png)
<use images/bvnnorm-1-1.png>
Package pdftex.def Info: images/bvnnorm-1-1.png  used on input line 455.
(pdftex.def)             Requested size: 843.4017pt x 482.04706pt.

Overfull \hbox (373.64668pt too wide) in paragraph at lines 455--455
[]  
 []

[12]
<C:/Users/homeoffice/Dropbox/Uni/MZES/tea/2023/bayesintro/bayesintro/lecture-ma
terials/01-01-lec_files/figure-latex/bvnnorm-2-1.pdf, id=151, 505.89pt x 505.89
pt>
File: C:/Users/homeoffice/Dropbox/Uni/MZES/tea/2023/bayesintro/bayesintro/lectu
re-materials/01-01-lec_files/figure-latex/bvnnorm-2-1.pdf Graphic file (type pd
f)
<use C:/Users/homeoffice/Dropbox/Uni/MZES/tea/2023/bayesintro/bayesintro/lectur
e-materials/01-01-lec_files/figure-latex/bvnnorm-2-1.pdf>
Package pdftex.def Info: C:/Users/homeoffice/Dropbox/Uni/MZES/tea/2023/bayesint
ro/bayesintro/lecture-materials/01-01-lec_files/figure-latex/bvnnorm-2-1.pdf  u
sed on input line 465.
(pdftex.def)             Requested size: 469.76265pt x 469.76265pt.
[13 <./images/bvnnorm-1-1.png (PNG copy)>]
<C:/Users/homeoffice/Dropbox/Uni/MZES/tea/2023/bayesintro/bayesintro/lecture-ma
terials/01-01-lec_files/figure-latex/bvnnorm-3-1.pdf, id=158, 505.89pt x 505.89
pt>
File: C:/Users/homeoffice/Dropbox/Uni/MZES/tea/2023/bayesintro/bayesintro/lectu
re-materials/01-01-lec_files/figure-latex/bvnnorm-3-1.pdf Graphic file (type pd
f)
<use C:/Users/homeoffice/Dropbox/Uni/MZES/tea/2023/bayesintro/bayesintro/lectur
e-materials/01-01-lec_files/figure-latex/bvnnorm-3-1.pdf>
Package pdftex.def Info: C:/Users/homeoffice/Dropbox/Uni/MZES/tea/2023/bayesint
ro/bayesintro/lecture-materials/01-01-lec_files/figure-latex/bvnnorm-3-1.pdf  u
sed on input line 469.
(pdftex.def)             Requested size: 469.76265pt x 469.76265pt.
[14 <C:/Users/homeoffice/Dropbox/Uni/MZES/tea/2023/bayesintro/bayesintro/lectur
e-materials/01-01-lec_files/figure-latex/bvnnorm-2-1.pdf>] [15 <C:/Users/homeof
fice/Dropbox/Uni/MZES/tea/2023/bayesintro/bayesintro/lecture-materials/01-01-le
c_files/figure-latex/bvnnorm-3-1.pdf>] [16]
<C:/Users/homeoffice/Dropbox/Uni/MZES/tea/2023/bayesintro/bayesintro/lecture-ma
terials/01-01-lec_files/figure-latex/sim-data-1.pdf, id=198, 505.89pt x 505.89p
t>
File: C:/Users/homeoffice/Dropbox/Uni/MZES/tea/2023/bayesintro/bayesintro/lectu
re-materials/01-01-lec_files/figure-latex/sim-data-1.pdf Graphic file (type pdf
)
<use C:/Users/homeoffice/Dropbox/Uni/MZES/tea/2023/bayesintro/bayesintro/lectur
e-materials/01-01-lec_files/figure-latex/sim-data-1.pdf>
Package pdftex.def Info: C:/Users/homeoffice/Dropbox/Uni/MZES/tea/2023/bayesint
ro/bayesintro/lecture-materials/01-01-lec_files/figure-latex/sim-data-1.pdf  us
ed on input line 534.
(pdftex.def)             Requested size: 469.76265pt x 469.76265pt.
[17] [18 <C:/Users/homeoffice/Dropbox/Uni/MZES/tea/2023/bayesintro/bayesintro/l
ecture-materials/01-01-lec_files/figure-latex/sim-data-1.pdf>]
<C:/Users/homeoffice/Dropbox/Uni/MZES/tea/2023/bayesintro/bayesintro/lecture-ma
terials/01-01-lec_files/figure-latex/sampling-dist-1.pdf, id=213, 505.89pt x 50
5.89pt>
File: C:/Users/homeoffice/Dropbox/Uni/MZES/tea/2023/bayesintro/bayesintro/lectu
re-materials/01-01-lec_files/figure-latex/sampling-dist-1.pdf Graphic file (typ
e pdf)
<use C:/Users/homeoffice/Dropbox/Uni/MZES/tea/2023/bayesintro/bayesintro/lectur
e-materials/01-01-lec_files/figure-latex/sampling-dist-1.pdf>
Package pdftex.def Info: C:/Users/homeoffice/Dropbox/Uni/MZES/tea/2023/bayesint
ro/bayesintro/lecture-materials/01-01-lec_files/figure-latex/sampling-dist-1.pd
f  used on input line 546.
(pdftex.def)             Requested size: 469.76265pt x 469.76265pt.
[19 <C:/Users/homeoffice/Dropbox/Uni/MZES/tea/2023/bayesintro/bayesintro/lectur
e-materials/01-01-lec_files/figure-latex/sampling-dist-1.pdf>] [20]
<C:/Users/homeoffice/Dropbox/Uni/MZES/tea/2023/bayesintro/bayesintro/lecture-ma
terials/01-01-lec_files/figure-latex/sim-cis-1.pdf, id=237, 505.89pt x 505.89pt
>
File: C:/Users/homeoffice/Dropbox/Uni/MZES/tea/2023/bayesintro/bayesintro/lectu
re-materials/01-01-lec_files/figure-latex/sim-cis-1.pdf Graphic file (type pdf)

<use C:/Users/homeoffice/Dropbox/Uni/MZES/tea/2023/bayesintro/bayesintro/lectur
e-materials/01-01-lec_files/figure-latex/sim-cis-1.pdf>
Package pdftex.def Info: C:/Users/homeoffice/Dropbox/Uni/MZES/tea/2023/bayesint
ro/bayesintro/lecture-materials/01-01-lec_files/figure-latex/sim-cis-1.pdf  use
d on input line 626.
(pdftex.def)             Requested size: 469.76265pt x 469.76265pt.
[21] [22 <C:/Users/homeoffice/Dropbox/Uni/MZES/tea/2023/bayesintro/bayesintro/l
ecture-materials/01-01-lec_files/figure-latex/sim-cis-1.pdf>] [23] (01-01-lec.a
ux) ) 
Here is how much of TeX's memory you used:
 14833 strings out of 479321
 230444 string characters out of 2866431
 590126 words of memory out of 3000000
 31822 multiletter control sequences out of 15000+600000
 452680 words of font info for 120 fonts, out of 8000000 for 9000
 1141 hyphenation exceptions out of 8191
 71i,6n,74p,968b,399s stack positions out of 5000i,500n,10000p,200000b,80000s
{C:/Program Files/MiKTeX/fonts/enc/dvips/lm/lm-mathsy.enc}{C:/Program File
s/MiKTeX/fonts/enc/dvips/lm/lm-mathex.enc}{C:/Program Files/MiKTeX/fonts/enc/dv
ips/lm/lm-mathit.enc}{C:/Program Files/MiKTeX/fonts/enc/dvips/lm/lm-rm.enc}{C:/
Program Files/MiKTeX/fonts/enc/dvips/lm/lm-ec.enc}{C:/Program Files/MiKTeX/font
s/enc/dvips/lm/lm-ts1.enc}<C:/Program Files/MiKTeX/fonts/type1/public/lm/lmbx10
.pfb><C:/Program Files/MiKTeX/fonts/type1/public/lm/lmbx12.pfb><C:/Program File
s/MiKTeX/fonts/type1/public/lm/lmex10.pfb><C:/Program Files/MiKTeX/fonts/type1/
public/lm/lmmi10.pfb><C:/Program Files/MiKTeX/fonts/type1/public/lm/lmmi8.pfb><
C:/Program Files/MiKTeX/fonts/type1/public/lm/lmr10.pfb><C:/Program Files/MiKTe
X/fonts/type1/public/lm/lmr17.pfb><C:/Program Files/MiKTeX/fonts/type1/public/l
m/lmr8.pfb><C:/Program Files/MiKTeX/fonts/type1/public/lm/lmri10.pfb><C:/Progra
m Files/MiKTeX/fonts/type1/public/lm/lmsy10.pfb><C:/Program Files/MiKTeX/fonts/
type1/public/lm/lmsy8.pfb><C:/Program Files/MiKTeX/fonts/type1/public/lm/lmtk10
.pfb><C:/Program Files/MiKTeX/fonts/type1/public/lm/lmtt10.pfb><C:/Program File
s/MiKTeX/fonts/type1/public/lm/lmtti10.pfb>
Output written on 01-01-lec.pdf (23 pages, 1763774 bytes).
PDF statistics:
 428 PDF objects out of 1000 (max. 8388607)
 65 named destinations out of 1000 (max. 500000)
 26954 words of extra memory for PDF output out of 29859 (max. 10000000)


! pdflatex: major issue: User/administrator updates are out-of-sync.
