This is pdfTeX, Version 3.141592653-2.6-1.40.26 (TeX Live 2024) (preloaded format=pdflatex 2024.12.30)  14 MAR 2025 18:29
entering extended mode
 restricted \write18 enabled.
 %&-line parsing enabled.
**C:/Users/homeoffice/Dropbox/Uni/MZES/tea/2023/bayesintro/bayesintro/lecture-materials/pdf.tex
(c:/Users/homeoffice/Dropbox/Uni/MZES/tea/2023/bayesintro/bayesintro/lecture-materials/pdf.tex
LaTeX2e <2024-11-01> patch level 1
L3 programming layer <2024-12-09>
(c:/Users/homeoffice/AppData/Roaming/TinyTeX/texmf-dist/tex/latex/base/article.cls
Document Class: article 2024/06/29 v1.4n Standard LaTeX document class
(c:/Users/homeoffice/AppData/Roaming/TinyTeX/texmf-dist/tex/latex/base/size11.clo
File: size11.clo 2024/06/29 v1.4n Standard LaTeX file (size option)
)
\c@part=\count196
\c@section=\count197
\c@subsection=\count198
\c@subsubsection=\count199
\c@paragraph=\count266
\c@subparagraph=\count267
\c@figure=\count268
\c@table=\count269
\abovecaptionskip=\skip49
\belowcaptionskip=\skip50
\bibindent=\dimen141
) (c:/Users/homeoffice/AppData/Roaming/TinyTeX/texmf-dist/tex/latex/amsmath/amsmath.sty
Package: amsmath 2024/11/05 v2.17t AMS math features
\@mathmargin=\skip51
For additional information on amsmath, use the `?' option.
(c:/Users/homeoffice/AppData/Roaming/TinyTeX/texmf-dist/tex/latex/amsmath/amstext.sty
Package: amstext 2021/08/26 v2.01 AMS text
(c:/Users/homeoffice/AppData/Roaming/TinyTeX/texmf-dist/tex/latex/amsmath/amsgen.sty
File: amsgen.sty 1999/11/30 v2.0 generic functions
\@emptytoks=\toks17
\ex@=\dimen142
)) (c:/Users/homeoffice/AppData/Roaming/TinyTeX/texmf-dist/tex/latex/amsmath/amsbsy.sty
Package: amsbsy 1999/11/29 v1.2d Bold Symbols
\pmbraise@=\dimen143
) (c:/Users/homeoffice/AppData/Roaming/TinyTeX/texmf-dist/tex/latex/amsmath/amsopn.sty
Package: amsopn 2022/04/08 v2.04 operator names
)
\inf@bad=\count270
LaTeX Info: Redefining \frac on input line 233.
\uproot@=\count271
\leftroot@=\count272
LaTeX Info: Redefining \overline on input line 398.
LaTeX Info: Redefining \colon on input line 409.
\classnum@=\count273
\DOTSCASE@=\count274
LaTeX Info: Redefining \ldots on input line 495.
LaTeX Info: Redefining \dots on input line 498.
LaTeX Info: Redefining \cdots on input line 619.
\Mathstrutbox@=\box52
\strutbox@=\box53
LaTeX Info: Redefining \big on input line 721.
LaTeX Info: Redefining \Big on input line 722.
LaTeX Info: Redefining \bigg on input line 723.
LaTeX Info: Redefining \Bigg on input line 724.
\big@size=\dimen144
LaTeX Font Info:    Redeclaring font encoding OML on input line 742.
LaTeX Font Info:    Redeclaring font encoding OMS on input line 743.
\macc@depth=\count275
LaTeX Info: Redefining \bmod on input line 904.
LaTeX Info: Redefining \pmod on input line 909.
LaTeX Info: Redefining \smash on input line 939.
LaTeX Info: Redefining \relbar on input line 969.
LaTeX Info: Redefining \Relbar on input line 970.
\c@MaxMatrixCols=\count276
\dotsspace@=\muskip17
\c@parentequation=\count277
\dspbrk@lvl=\count278
\tag@help=\toks18
\row@=\count279
\column@=\count280
\maxfields@=\count281
\andhelp@=\toks19
\eqnshift@=\dimen145
\alignsep@=\dimen146
\tagshift@=\dimen147
\tagwidth@=\dimen148
\totwidth@=\dimen149
\lineht@=\dimen150
\@envbody=\toks20
\multlinegap=\skip52
\multlinetaggap=\skip53
\mathdisplay@stack=\toks21
LaTeX Info: Redefining \[ on input line 2953.
LaTeX Info: Redefining \] on input line 2954.
) (c:/Users/homeoffice/AppData/Roaming/TinyTeX/texmf-dist/tex/latex/amsfonts/amssymb.sty
Package: amssymb 2013/01/14 v3.01 AMS font symbols
(c:/Users/homeoffice/AppData/Roaming/TinyTeX/texmf-dist/tex/latex/amsfonts/amsfonts.sty
Package: amsfonts 2013/01/14 v3.01 Basic AMSFonts support
\symAMSa=\mathgroup4
\symAMSb=\mathgroup5
LaTeX Font Info:    Redeclaring math symbol \hbar on input line 98.
LaTeX Font Info:    Overwriting math alphabet `\mathfrak' in version `bold'
(Font)                  U/euf/m/n --> U/euf/b/n on input line 106.
)) (c:/Users/homeoffice/AppData/Roaming/TinyTeX/texmf-dist/tex/latex/setspace/setspace.sty
Package: setspace 2022/12/04 v6.7b set line spacing
) (c:/Users/homeoffice/AppData/Roaming/TinyTeX/texmf-dist/tex/generic/iftex/iftex.sty
Package: iftex 2024/12/12 v1.0g TeX engine tests
) (c:/Users/homeoffice/AppData/Roaming/TinyTeX/texmf-dist/tex/latex/base/fontenc.sty
Package: fontenc 2021/04/29 v2.0v Standard LaTeX package
) (c:/Users/homeoffice/AppData/Roaming/TinyTeX/texmf-dist/tex/latex/base/inputenc.sty
Package: inputenc 2024/02/08 v1.3d Input encoding file
\inpenc@prehook=\toks22
\inpenc@posthook=\toks23
) (c:/Users/homeoffice/AppData/Roaming/TinyTeX/texmf-dist/tex/latex/base/textcomp.sty
Package: textcomp 2024/04/24 v2.1b Standard LaTeX package
) (c:/Users/homeoffice/AppData/Roaming/TinyTeX/texmf-dist/tex/latex/lm/lmodern.sty
Package: lmodern 2015/05/01 v1.6.1 Latin Modern Fonts
LaTeX Font Info:    Overwriting symbol font `operators' in version `normal'
(Font)                  OT1/cmr/m/n --> OT1/lmr/m/n on input line 22.
LaTeX Font Info:    Overwriting symbol font `letters' in version `normal'
(Font)                  OML/cmm/m/it --> OML/lmm/m/it on input line 23.
LaTeX Font Info:    Overwriting symbol font `symbols' in version `normal'
(Font)                  OMS/cmsy/m/n --> OMS/lmsy/m/n on input line 24.
LaTeX Font Info:    Overwriting symbol font `largesymbols' in version `normal'
(Font)                  OMX/cmex/m/n --> OMX/lmex/m/n on input line 25.
LaTeX Font Info:    Overwriting symbol font `operators' in version `bold'
(Font)                  OT1/cmr/bx/n --> OT1/lmr/bx/n on input line 26.
LaTeX Font Info:    Overwriting symbol font `letters' in version `bold'
(Font)                  OML/cmm/b/it --> OML/lmm/b/it on input line 27.
LaTeX Font Info:    Overwriting symbol font `symbols' in version `bold'
(Font)                  OMS/cmsy/b/n --> OMS/lmsy/b/n on input line 28.
LaTeX Font Info:    Overwriting symbol font `largesymbols' in version `bold'
(Font)                  OMX/cmex/m/n --> OMX/lmex/m/n on input line 29.
LaTeX Font Info:    Overwriting math alphabet `\mathbf' in version `normal'
(Font)                  OT1/cmr/bx/n --> OT1/lmr/bx/n on input line 31.
LaTeX Font Info:    Overwriting math alphabet `\mathsf' in version `normal'
(Font)                  OT1/cmss/m/n --> OT1/lmss/m/n on input line 32.
LaTeX Font Info:    Overwriting math alphabet `\mathit' in version `normal'
(Font)                  OT1/cmr/m/it --> OT1/lmr/m/it on input line 33.
LaTeX Font Info:    Overwriting math alphabet `\mathtt' in version `normal'
(Font)                  OT1/cmtt/m/n --> OT1/lmtt/m/n on input line 34.
LaTeX Font Info:    Overwriting math alphabet `\mathbf' in version `bold'
(Font)                  OT1/cmr/bx/n --> OT1/lmr/bx/n on input line 35.
LaTeX Font Info:    Overwriting math alphabet `\mathsf' in version `bold'
(Font)                  OT1/cmss/bx/n --> OT1/lmss/bx/n on input line 36.
LaTeX Font Info:    Overwriting math alphabet `\mathit' in version `bold'
(Font)                  OT1/cmr/bx/it --> OT1/lmr/bx/it on input line 37.
LaTeX Font Info:    Overwriting math alphabet `\mathtt' in version `bold'
(Font)                  OT1/cmtt/m/n --> OT1/lmtt/m/n on input line 38.
) (c:/Users/homeoffice/AppData/Roaming/TinyTeX/texmf-dist/tex/latex/parskip/parskip.sty
Package: parskip 2021-03-14 v2.0h non-zero parskip adjustments
(c:/Users/homeoffice/AppData/Roaming/TinyTeX/texmf-dist/tex/latex/kvoptions/kvoptions.sty
Package: kvoptions 2022-06-15 v3.15 Key value format for package options (HO)
(c:/Users/homeoffice/AppData/Roaming/TinyTeX/texmf-dist/tex/latex/graphics/keyval.sty
Package: keyval 2022/05/29 v1.15 key=value parser (DPC)
\KV@toks@=\toks24
) (c:/Users/homeoffice/AppData/Roaming/TinyTeX/texmf-dist/tex/generic/ltxcmds/ltxcmds.sty
Package: ltxcmds 2023-12-04 v1.26 LaTeX kernel commands for general use (HO)
) (c:/Users/homeoffice/AppData/Roaming/TinyTeX/texmf-dist/tex/latex/kvsetkeys/kvsetkeys.sty
Package: kvsetkeys 2022-10-05 v1.19 Key value parser (HO)
)) (c:/Users/homeoffice/AppData/Roaming/TinyTeX/texmf-dist/tex/latex/etoolbox/etoolbox.sty
Package: etoolbox 2020/10/05 v2.5k e-TeX tools for LaTeX (JAW)
\etb@tempcnta=\count282
)) (c:/Users/homeoffice/AppData/Roaming/TinyTeX/texmf-dist/tex/latex/xcolor/xcolor.sty
Package: xcolor 2024/09/29 v3.02 LaTeX color extensions (UK)
(c:/Users/homeoffice/AppData/Roaming/TinyTeX/texmf-dist/tex/latex/graphics-cfg/color.cfg
File: color.cfg 2016/01/02 v1.6 sample color configuration
)
Package xcolor Info: Driver file: pdftex.def on input line 274.
(c:/Users/homeoffice/AppData/Roaming/TinyTeX/texmf-dist/tex/latex/graphics-def/pdftex.def
File: pdftex.def 2024/04/13 v1.2c Graphics/color driver for pdftex
) (c:/Users/homeoffice/AppData/Roaming/TinyTeX/texmf-dist/tex/latex/graphics/mathcolor.ltx)
Package xcolor Info: Model `cmy' substituted by `cmy0' on input line 1349.
Package xcolor Info: Model `hsb' substituted by `rgb' on input line 1353.
Package xcolor Info: Model `RGB' extended on input line 1365.
Package xcolor Info: Model `HTML' substituted by `rgb' on input line 1367.
Package xcolor Info: Model `Hsb' substituted by `hsb' on input line 1368.
Package xcolor Info: Model `tHsb' substituted by `hsb' on input line 1369.
Package xcolor Info: Model `HSB' substituted by `hsb' on input line 1370.
Package xcolor Info: Model `Gray' substituted by `gray' on input line 1371.
Package xcolor Info: Model `wave' substituted by `hsb' on input line 1372.
) (c:/Users/homeoffice/AppData/Roaming/TinyTeX/texmf-dist/tex/latex/graphics/dvipsnam.def
File: dvipsnam.def 2016/06/17 v3.0m Driver-dependent file (DPC,SPQR)
) (c:/Users/homeoffice/AppData/Roaming/TinyTeX/texmf-dist/tex/latex/xcolor/svgnam.def
File: svgnam.def 2024/09/29 v3.02 Predefined colors according to SVG 1.1 (UK)
) (c:/Users/homeoffice/AppData/Roaming/TinyTeX/texmf-dist/tex/latex/xcolor/x11nam.def
File: x11nam.def 2024/09/29 v3.02 Predefined colors according to Unix/X11 (UK)
) (c:/Users/homeoffice/AppData/Roaming/TinyTeX/texmf-dist/tex/latex/geometry/geometry.sty
Package: geometry 2020/01/02 v5.9 Page Geometry
(c:/Users/homeoffice/AppData/Roaming/TinyTeX/texmf-dist/tex/generic/iftex/ifvtex.sty
Package: ifvtex 2019/10/25 v1.7 ifvtex legacy package. Use iftex instead.
)
\Gm@cnth=\count283
\Gm@cntv=\count284
\c@Gm@tempcnt=\count285
\Gm@bindingoffset=\dimen151
\Gm@wd@mp=\dimen152
\Gm@odd@mp=\dimen153
\Gm@even@mp=\dimen154
\Gm@layoutwidth=\dimen155
\Gm@layoutheight=\dimen156
\Gm@layouthoffset=\dimen157
\Gm@layoutvoffset=\dimen158
\Gm@dimlist=\toks25
) (c:/Users/homeoffice/AppData/Roaming/TinyTeX/texmf-dist/tex/latex/fancyvrb/fancyvrb.sty
Package: fancyvrb 2024/01/20 4.5c verbatim text (tvz,hv)
\FV@CodeLineNo=\count286
\FV@InFile=\read2
\FV@TabBox=\box54
\c@FancyVerbLine=\count287
\FV@StepNumber=\count288
\FV@OutFile=\write3
) (c:/Users/homeoffice/AppData/Roaming/TinyTeX/texmf-dist/tex/latex/framed/framed.sty
Package: framed 2011/10/22 v 0.96: framed or shaded text with page breaks
\OuterFrameSep=\skip54
\fb@frw=\dimen159
\fb@frh=\dimen160
\FrameRule=\dimen161
\FrameSep=\dimen162
) (c:/Users/homeoffice/AppData/Roaming/TinyTeX/texmf-dist/tex/latex/tools/longtable.sty
Package: longtable 2024-10-27 v4.22 Multi-page Table package (DPC)
\LTleft=\skip55
\LTright=\skip56
\LTpre=\skip57
\LTpost=\skip58
\LTchunksize=\count289
\LTcapwidth=\dimen163
\LT@head=\box55
\LT@firsthead=\box56
\LT@foot=\box57
\LT@lastfoot=\box58
\LT@gbox=\box59
\LT@cols=\count290
\LT@rows=\count291
\c@LT@tables=\count292
\c@LT@chunks=\count293
\LT@p@ftn=\toks26
) (c:/Users/homeoffice/AppData/Roaming/TinyTeX/texmf-dist/tex/latex/booktabs/booktabs.sty
Package: booktabs 2020/01/12 v1.61803398 Publication quality tables
\heavyrulewidth=\dimen164
\lightrulewidth=\dimen165
\cmidrulewidth=\dimen166
\belowrulesep=\dimen167
\belowbottomsep=\dimen168
\aboverulesep=\dimen169
\abovetopsep=\dimen170
\cmidrulesep=\dimen171
\cmidrulekern=\dimen172
\defaultaddspace=\dimen173
\@cmidla=\count294
\@cmidlb=\count295
\@aboverulesep=\dimen174
\@belowrulesep=\dimen175
\@thisruleclass=\count296
\@lastruleclass=\count297
\@thisrulewidth=\dimen176
) (c:/Users/homeoffice/AppData/Roaming/TinyTeX/texmf-dist/tex/latex/tools/array.sty
Package: array 2024/10/17 v2.6g Tabular extension package (FMi)
\col@sep=\dimen177
\ar@mcellbox=\box60
\extrarowheight=\dimen178
\NC@list=\toks27
\extratabsurround=\skip59
\backup@length=\skip60
\ar@cellbox=\box61
) (c:/Users/homeoffice/AppData/Roaming/TinyTeX/texmf-dist/tex/latex/tools/calc.sty
Package: calc 2023/07/08 v4.3 Infix arithmetic (KKT,FJ)
\calc@Acount=\count298
\calc@Bcount=\count299
\calc@Adimen=\dimen179
\calc@Bdimen=\dimen180
\calc@Askip=\skip61
\calc@Bskip=\skip62
LaTeX Info: Redefining \setlength on input line 80.
LaTeX Info: Redefining \addtolength on input line 81.
\calc@Ccount=\count300
\calc@Cskip=\skip63
) (c:/Users/homeoffice/AppData/Roaming/TinyTeX/texmf-dist/tex/latex/mdwtools/footnote.sty
Package: footnote 1997/01/28 1.13 Save footnotes around boxes
\fn@notes=\box62
\fn@width=\dimen181
) (c:/Users/homeoffice/AppData/Roaming/TinyTeX/texmf-dist/tex/latex/graphics/graphicx.sty
Package: graphicx 2021/09/16 v1.2d Enhanced LaTeX Graphics (DPC,SPQR)
(c:/Users/homeoffice/AppData/Roaming/TinyTeX/texmf-dist/tex/latex/graphics/graphics.sty
Package: graphics 2024/08/06 v1.4g Standard LaTeX Graphics (DPC,SPQR)
(c:/Users/homeoffice/AppData/Roaming/TinyTeX/texmf-dist/tex/latex/graphics/trig.sty
Package: trig 2023/12/02 v1.11 sin cos tan (DPC)
) (c:/Users/homeoffice/AppData/Roaming/TinyTeX/texmf-dist/tex/latex/graphics-cfg/graphics.cfg
File: graphics.cfg 2016/06/04 v1.11 sample graphics configuration
)
Package graphics Info: Driver file: pdftex.def on input line 106.
)
\Gin@req@height=\dimen182
\Gin@req@width=\dimen183
) (c:/Users/homeoffice/AppData/Roaming/TinyTeX/texmf-dist/tex/latex/float/float.sty
Package: float 2001/11/08 v1.3d Float enhancements (AL)
\c@float@type=\count301
\float@exts=\toks28
\float@box=\box63
\@float@everytoks=\toks29
\@floatcapt=\box64
) (c:/Users/homeoffice/AppData/Roaming/TinyTeX/texmf-dist/tex/latex/placeins/placeins.sty
Package: placeins 2005/04/18  v 2.2
) (c:/Users/homeoffice/AppData/Roaming/TinyTeX/texmf-dist/tex/latex/hyperref/hyperref.sty
Package: hyperref 2024-11-05 v7.01l Hypertext links for LaTeX
(c:/Users/homeoffice/AppData/Roaming/TinyTeX/texmf-dist/tex/generic/kvdefinekeys/kvdefinekeys.sty
Package: kvdefinekeys 2019-12-19 v1.6 Define keys (HO)
) (c:/Users/homeoffice/AppData/Roaming/TinyTeX/texmf-dist/tex/generic/pdfescape/pdfescape.sty
Package: pdfescape 2019/12/09 v1.15 Implements pdfTeX's escape features (HO)
(c:/Users/homeoffice/AppData/Roaming/TinyTeX/texmf-dist/tex/generic/pdftexcmds/pdftexcmds.sty
Package: pdftexcmds 2020-06-27 v0.33 Utility functions of pdfTeX for LuaTeX (HO)
(c:/Users/homeoffice/AppData/Roaming/TinyTeX/texmf-dist/tex/generic/infwarerr/infwarerr.sty
Package: infwarerr 2019/12/03 v1.5 Providing info/warning/error messages (HO)
)
Package pdftexcmds Info: \pdf@primitive is available.
Package pdftexcmds Info: \pdf@ifprimitive is available.
Package pdftexcmds Info: \pdfdraftmode found.
)) (c:/Users/homeoffice/AppData/Roaming/TinyTeX/texmf-dist/tex/latex/hycolor/hycolor.sty
Package: hycolor 2020-01-27 v1.10 Color options for hyperref/bookmark (HO)
) (c:/Users/homeoffice/AppData/Roaming/TinyTeX/texmf-dist/tex/latex/hyperref/nameref.sty
Package: nameref 2023-11-26 v2.56 Cross-referencing by name of section
(c:/Users/homeoffice/AppData/Roaming/TinyTeX/texmf-dist/tex/latex/refcount/refcount.sty
Package: refcount 2019/12/15 v3.6 Data extraction from label references (HO)
) (c:/Users/homeoffice/AppData/Roaming/TinyTeX/texmf-dist/tex/generic/gettitlestring/gettitlestring.sty
Package: gettitlestring 2019/12/15 v1.6 Cleanup title references (HO)
)
\c@section@level=\count302
) (c:/Users/homeoffice/AppData/Roaming/TinyTeX/texmf-dist/tex/generic/stringenc/stringenc.sty
Package: stringenc 2019/11/29 v1.12 Convert strings between diff. encodings (HO)
)
\@linkdim=\dimen184
\Hy@linkcounter=\count303
\Hy@pagecounter=\count304
(c:/Users/homeoffice/AppData/Roaming/TinyTeX/texmf-dist/tex/latex/hyperref/pd1enc.def
File: pd1enc.def 2024-11-05 v7.01l Hyperref: PDFDocEncoding definition (HO)
Now handling font encoding PD1 ...
... no UTF-8 mapping file for font encoding PD1
) (c:/Users/homeoffice/AppData/Roaming/TinyTeX/texmf-dist/tex/generic/intcalc/intcalc.sty
Package: intcalc 2019/12/15 v1.3 Expandable calculations with integers (HO)
)
\Hy@SavedSpaceFactor=\count305
(c:/Users/homeoffice/AppData/Roaming/TinyTeX/texmf-dist/tex/latex/hyperref/puenc.def
File: puenc.def 2024-11-05 v7.01l Hyperref: PDF Unicode definition (HO)
Now handling font encoding PU ...
... no UTF-8 mapping file for font encoding PU
)
Package hyperref Info: Option `unicode' set `true' on input line 4040.
Package hyperref Info: Hyper figures OFF on input line 4157.
Package hyperref Info: Link nesting OFF on input line 4162.
Package hyperref Info: Hyper index ON on input line 4165.
Package hyperref Info: Plain pages OFF on input line 4172.
Package hyperref Info: Backreferencing OFF on input line 4177.
Package hyperref Info: Implicit mode ON; LaTeX internals redefined.
Package hyperref Info: Bookmarks ON on input line 4424.
\c@Hy@tempcnt=\count306
(c:/Users/homeoffice/AppData/Roaming/TinyTeX/texmf-dist/tex/latex/url/url.sty
\Urlmuskip=\muskip18
Package: url 2013/09/16  ver 3.4  Verb mode for urls, etc.
)
LaTeX Info: Redefining \url on input line 4763.
\XeTeXLinkMargin=\dimen185
(c:/Users/homeoffice/AppData/Roaming/TinyTeX/texmf-dist/tex/generic/bitset/bitset.sty
Package: bitset 2019/12/09 v1.3 Handle bit-vector datatype (HO)
(c:/Users/homeoffice/AppData/Roaming/TinyTeX/texmf-dist/tex/generic/bigintcalc/bigintcalc.sty
Package: bigintcalc 2019/12/15 v1.5 Expandable calculations on big integers (HO)
))
\Fld@menulength=\count307
\Field@Width=\dimen186
\Fld@charsize=\dimen187
Package hyperref Info: Hyper figures OFF on input line 6042.
Package hyperref Info: Link nesting OFF on input line 6047.
Package hyperref Info: Hyper index ON on input line 6050.
Package hyperref Info: backreferencing OFF on input line 6057.
Package hyperref Info: Link coloring OFF on input line 6062.
Package hyperref Info: Link coloring with OCG OFF on input line 6067.
Package hyperref Info: PDF/A mode OFF on input line 6072.
(c:/Users/homeoffice/AppData/Roaming/TinyTeX/texmf-dist/tex/latex/base/atbegshi-ltx.sty
Package: atbegshi-ltx 2021/01/10 v1.0c Emulation of the original atbegshi
package with kernel methods
)
\Hy@abspage=\count308
\c@Item=\count309
\c@Hfootnote=\count310
)
Package hyperref Info: Driver (autodetected): hpdftex.
(c:/Users/homeoffice/AppData/Roaming/TinyTeX/texmf-dist/tex/latex/hyperref/hpdftex.def
File: hpdftex.def 2024-11-05 v7.01l Hyperref driver for pdfTeX
(c:/Users/homeoffice/AppData/Roaming/TinyTeX/texmf-dist/tex/latex/base/atveryend-ltx.sty
Package: atveryend-ltx 2020/08/19 v1.0a Emulation of the original atveryend package
with kernel methods
)
\Fld@listcount=\count311
\c@bookmark@seq@number=\count312
(c:/Users/homeoffice/AppData/Roaming/TinyTeX/texmf-dist/tex/latex/rerunfilecheck/rerunfilecheck.sty
Package: rerunfilecheck 2022-07-10 v1.10 Rerun checks for auxiliary files (HO)
(c:/Users/homeoffice/AppData/Roaming/TinyTeX/texmf-dist/tex/generic/uniquecounter/uniquecounter.sty
Package: uniquecounter 2019/12/15 v1.4 Provide unlimited unique counter (HO)
)
Package uniquecounter Info: New unique counter `rerunfilecheck' on input line 285.
)
\Hy@SectionHShift=\skip64
)
Package hyperref Info: Option `colorlinks' set `true' on input line 115.
(c:/Users/homeoffice/AppData/Roaming/TinyTeX/texmf-dist/tex/latex/appendix/appendix.sty
Package: appendix 2020/02/08 v1.2c extra appendix facilities
\c@@pps=\count313
\c@@ppsavesec=\count314
\c@@ppsaveapp=\count315
) (c:/Users/homeoffice/AppData/Roaming/TinyTeX/texmf-dist/tex/latex/titlesec/titletoc.sty
Package: titletoc 2023/10/27 v2.16 TOC entries
\ttl@leftsep=\dimen188
) (c:/Users/homeoffice/AppData/Roaming/TinyTeX/texmf-dist/tex/latex/tocloft/tocloft.sty
Package: tocloft 2017/08/31 v2.3i parameterised ToC, etc., typesetting
Package tocloft Info: The document has section divisions on input line 51.
\cftparskip=\skip65
\cftbeforetoctitleskip=\skip66
\cftaftertoctitleskip=\skip67
\cftbeforepartskip=\skip68
\cftpartnumwidth=\skip69
\cftpartindent=\skip70
\cftbeforesecskip=\skip71
\cftsecindent=\skip72
\cftsecnumwidth=\skip73
\cftbeforesubsecskip=\skip74
\cftsubsecindent=\skip75
\cftsubsecnumwidth=\skip76
\cftbeforesubsubsecskip=\skip77
\cftsubsubsecindent=\skip78
\cftsubsubsecnumwidth=\skip79
\cftbeforeparaskip=\skip80
\cftparaindent=\skip81
\cftparanumwidth=\skip82
\cftbeforesubparaskip=\skip83
\cftsubparaindent=\skip84
\cftsubparanumwidth=\skip85
\cftbeforeloftitleskip=\skip86
\cftafterloftitleskip=\skip87
\cftbeforefigskip=\skip88
\cftfigindent=\skip89
\cftfignumwidth=\skip90
\c@lofdepth=\count316
\c@lotdepth=\count317
\cftbeforelottitleskip=\skip91
\cftafterlottitleskip=\skip92
\cftbeforetabskip=\skip93
\cfttabindent=\skip94
\cfttabnumwidth=\skip95

Package tocloft Warning: \@starttoc has already been redefined; tocloft bailing out. on input line 1156.

) (c:/Users/homeoffice/AppData/Roaming/TinyTeX/texmf-dist/tex/latex/makecell/makecell.sty
Package: makecell 2009/08/03 V0.1e Managing of Tab Column Heads and Cells
\rotheadsize=\dimen189
\c@nlinenum=\count318
\TeXr@lab=\toks30
) (c:/Users/homeoffice/AppData/Roaming/TinyTeX/texmf-dist/tex/latex/bookmark/bookmark.sty
Package: bookmark 2023-12-10 v1.31 PDF bookmarks (HO)
(c:/Users/homeoffice/AppData/Roaming/TinyTeX/texmf-dist/tex/latex/bookmark/bkm-pdftex.def
File: bkm-pdftex.def 2023-12-10 v1.31 bookmark driver for pdfTeX and luaTeX (HO)
\BKM@id=\count319
))
Package hyperref Info: Option `colorlinks' set `true' on input line 135.
LaTeX Font Info:    Trying to load font information for T1+lmr on input line 141.
(c:/Users/homeoffice/AppData/Roaming/TinyTeX/texmf-dist/tex/latex/lm/t1lmr.fd
File: t1lmr.fd 2015/05/01 v1.6.1 Font defs for Latin Modern
) (c:/Users/homeoffice/AppData/Roaming/TinyTeX/texmf-dist/tex/latex/l3backend/l3backend-pdftex.def
File: l3backend-pdftex.def 2024-05-08 L3 backend support: PDF output (pdfTeX)
\l__color_backend_stack_int=\count320
\l__pdf_internal_box=\box65
) (./pdf.aux)
\openout1 = `pdf.aux'.

LaTeX Font Info:    Checking defaults for OML/cmm/m/it on input line 141.
LaTeX Font Info:    ... okay on input line 141.
LaTeX Font Info:    Checking defaults for OMS/cmsy/m/n on input line 141.
LaTeX Font Info:    ... okay on input line 141.
LaTeX Font Info:    Checking defaults for OT1/cmr/m/n on input line 141.
LaTeX Font Info:    ... okay on input line 141.
LaTeX Font Info:    Checking defaults for T1/cmr/m/n on input line 141.
LaTeX Font Info:    ... okay on input line 141.
LaTeX Font Info:    Checking defaults for TS1/cmr/m/n on input line 141.
LaTeX Font Info:    ... okay on input line 141.
LaTeX Font Info:    Checking defaults for OMX/cmex/m/n on input line 141.
LaTeX Font Info:    ... okay on input line 141.
LaTeX Font Info:    Checking defaults for U/cmr/m/n on input line 141.
LaTeX Font Info:    ... okay on input line 141.
LaTeX Font Info:    Checking defaults for PD1/pdf/m/n on input line 141.
LaTeX Font Info:    ... okay on input line 141.
LaTeX Font Info:    Checking defaults for PU/pdf/m/n on input line 141.
LaTeX Font Info:    ... okay on input line 141.
(c:/Users/homeoffice/AppData/Roaming/TinyTeX/texmf-dist/tex/latex/epstopdf-pkg/epstopdf-base.sty
Package: epstopdf-base 2020-01-24 v2.11 Base part for package epstopdf
Package epstopdf-base Info: Redefining graphics rule for `.eps' on input line 485.
(c:/Users/homeoffice/AppData/Roaming/TinyTeX/texmf-dist/tex/latex/latexconfig/epstopdf-sys.cfg
File: epstopdf-sys.cfg 2010/07/13 v1.3 Configuration of (r)epstopdf for TeX Live
))
*geometry* driver: auto-detecting
*geometry* detected driver: pdftex
*geometry* verbose mode - [ preamble ] result:
* driver: pdftex
* paper: <default>
* layout: <same size as paper>
* layoutoffset:(h,v)=(0.0pt,0.0pt)
* modes: 
* h-part:(L,W,R)=(72.26999pt, 469.75502pt, 72.26999pt)
* v-part:(T,H,B)=(72.26999pt, 650.43001pt, 72.26999pt)
* \paperwidth=614.295pt
* \paperheight=794.96999pt
* \textwidth=469.75502pt
* \textheight=650.43001pt
* \oddsidemargin=0.0pt
* \evensidemargin=0.0pt
* \topmargin=-37.0pt
* \headheight=12.0pt
* \headsep=25.0pt
* \topskip=11.0pt
* \footskip=30.0pt
* \marginparwidth=59.0pt
* \marginparsep=10.0pt
* \columnsep=10.0pt
* \skip\footins=10.0pt plus 4.0pt minus 2.0pt
* \hoffset=0.0pt
* \voffset=0.0pt
* \mag=1000
* \@twocolumnfalse
* \@twosidefalse
* \@mparswitchfalse
* \@reversemarginfalse
* (1in=72.27pt=25.4mm, 1cm=28.453pt)

Package hyperref Info: Link coloring ON on input line 141.
LaTeX Font Info:    Trying to load font information for OT1+lmr on input line 143.
(c:/Users/homeoffice/AppData/Roaming/TinyTeX/texmf-dist/tex/latex/lm/ot1lmr.fd
File: ot1lmr.fd 2015/05/01 v1.6.1 Font defs for Latin Modern
)
LaTeX Font Info:    Trying to load font information for OML+lmm on input line 143.
(c:/Users/homeoffice/AppData/Roaming/TinyTeX/texmf-dist/tex/latex/lm/omllmm.fd
File: omllmm.fd 2015/05/01 v1.6.1 Font defs for Latin Modern
)
LaTeX Font Info:    Trying to load font information for OMS+lmsy on input line 143.
(c:/Users/homeoffice/AppData/Roaming/TinyTeX/texmf-dist/tex/latex/lm/omslmsy.fd
File: omslmsy.fd 2015/05/01 v1.6.1 Font defs for Latin Modern
)
LaTeX Font Info:    Trying to load font information for OMX+lmex on input line 143.
(c:/Users/homeoffice/AppData/Roaming/TinyTeX/texmf-dist/tex/latex/lm/omxlmex.fd
File: omxlmex.fd 2015/05/01 v1.6.1 Font defs for Latin Modern
)
LaTeX Font Info:    External font `lmex10' loaded for size
(Font)              <12> on input line 143.
LaTeX Font Info:    External font `lmex10' loaded for size
(Font)              <8> on input line 143.
LaTeX Font Info:    External font `lmex10' loaded for size
(Font)              <6> on input line 143.
LaTeX Font Info:    Trying to load font information for U+msa on input line 143.
(c:/Users/homeoffice/AppData/Roaming/TinyTeX/texmf-dist/tex/latex/amsfonts/umsa.fd
File: umsa.fd 2013/01/14 v3.01 AMS symbols A
)
LaTeX Font Info:    Trying to load font information for U+msb on input line 143.
(c:/Users/homeoffice/AppData/Roaming/TinyTeX/texmf-dist/tex/latex/amsfonts/umsb.fd
File: umsb.fd 2013/01/14 v3.01 AMS symbols B
)
LaTeX Font Info:    Trying to load font information for T1+lmtt on input line 146.
(c:/Users/homeoffice/AppData/Roaming/TinyTeX/texmf-dist/tex/latex/lm/t1lmtt.fd
File: t1lmtt.fd 2015/05/01 v1.6.1 Font defs for Latin Modern
)
LaTeX Font Info:    External font `lmex10' loaded for size
(Font)              <10.95> on input line 168.

Underfull \hbox (badness 10000) in paragraph at lines 168--170

 []



[1

{c:/Users/homeoffice/AppData/Roaming/TinyTeX/texmf-var/fonts/map/pdftex/updmap/pdftex.map}{c:/Users/homeoffice/AppData/Roaming/TinyTeX/texmf-dist/fonts/enc/dvips/lm/lm-ec.enc}{c:/Users/homeoffice/AppData/Roaming/TinyTeX/texmf-dist/fonts/enc/dvips/lm/lm-mathit.enc}{c:/Users/homeoffice/AppData/Roaming/TinyTeX/texmf-dist/fonts/enc/dvips/lm/lm-rm.enc}{c:/Users/homeoffice/AppData/Roaming/TinyTeX/texmf-dist/fonts/enc/dvips/lm/lm-mathsy.enc}]
<C:/Users/homeoffice/Dropbox/Uni/MZES/tea/2023/bayesintro/bayesintro/lecture-materials/pdf_files/figure-latex/binom-1-1.pdf, id=25, 436.63126pt x 283.0575pt>
File: C:/Users/homeoffice/Dropbox/Uni/MZES/tea/2023/bayesintro/bayesintro/lecture-materials/pdf_files/figure-latex/binom-1-1.pdf Graphic file (type pdf)
<use C:/Users/homeoffice/Dropbox/Uni/MZES/tea/2023/bayesintro/bayesintro/lecture-materials/pdf_files/figure-latex/binom-1-1.pdf>
Package pdftex.def Info: C:/Users/homeoffice/Dropbox/Uni/MZES/tea/2023/bayesintro/bayesintro/lecture-materials/pdf_files/figure-latex/binom-1-1.pdf  used on input line 193.
(pdftex.def)             Requested size: 436.63019pt x 283.0568pt.


[2]
<C:/Users/homeoffice/Dropbox/Uni/MZES/tea/2023/bayesintro/bayesintro/lecture-materials/pdf_files/figure-latex/binom-2-1.pdf, id=32, 475.7775pt x 536.0025pt>
File: C:/Users/homeoffice/Dropbox/Uni/MZES/tea/2023/bayesintro/bayesintro/lecture-materials/pdf_files/figure-latex/binom-2-1.pdf Graphic file (type pdf)
<use C:/Users/homeoffice/Dropbox/Uni/MZES/tea/2023/bayesintro/bayesintro/lecture-materials/pdf_files/figure-latex/binom-2-1.pdf>
Package pdftex.def Info: C:/Users/homeoffice/Dropbox/Uni/MZES/tea/2023/bayesintro/bayesintro/lecture-materials/pdf_files/figure-latex/binom-2-1.pdf  used on input line 199.
(pdftex.def)             Requested size: 469.77974pt x 529.24556pt.


[3 <c:/Users/homeoffice/Dropbox/Uni/MZES/tea/2023/bayesintro/bayesintro/lecture-materials/pdf_files/figure-latex/binom-1-1.pdf>]

[4 <c:/Users/homeoffice/Dropbox/Uni/MZES/tea/2023/bayesintro/bayesintro/lecture-materials/pdf_files/figure-latex/binom-2-1.pdf>]
<C:/Users/homeoffice/Dropbox/Uni/MZES/tea/2023/bayesintro/bayesintro/lecture-materials/pdf_files/figure-latex/stdnorm-1-1.pdf, id=60, 436.63126pt x 283.0575pt>
File: C:/Users/homeoffice/Dropbox/Uni/MZES/tea/2023/bayesintro/bayesintro/lecture-materials/pdf_files/figure-latex/stdnorm-1-1.pdf Graphic file (type pdf)
<use C:/Users/homeoffice/Dropbox/Uni/MZES/tea/2023/bayesintro/bayesintro/lecture-materials/pdf_files/figure-latex/stdnorm-1-1.pdf>
Package pdftex.def Info: C:/Users/homeoffice/Dropbox/Uni/MZES/tea/2023/bayesintro/bayesintro/lecture-materials/pdf_files/figure-latex/stdnorm-1-1.pdf  used on input line 209.
(pdftex.def)             Requested size: 436.63019pt x 283.0568pt.
LaTeX Font Info:    Font shape `T1/lmtt/bx/n' in size <10.95> not available
(Font)              Font shape `T1/lmtt/b/n' tried instead on input line 217.
<C:/Users/homeoffice/Dropbox/Uni/MZES/tea/2023/bayesintro/bayesintro/lecture-materials/pdf_files/figure-latex/stdnorm-3-1.pdf, id=61, 436.63126pt x 283.0575pt>
File: C:/Users/homeoffice/Dropbox/Uni/MZES/tea/2023/bayesintro/bayesintro/lecture-materials/pdf_files/figure-latex/stdnorm-3-1.pdf Graphic file (type pdf)
<use C:/Users/homeoffice/Dropbox/Uni/MZES/tea/2023/bayesintro/bayesintro/lecture-materials/pdf_files/figure-latex/stdnorm-3-1.pdf>
Package pdftex.def Info: C:/Users/homeoffice/Dropbox/Uni/MZES/tea/2023/bayesintro/bayesintro/lecture-materials/pdf_files/figure-latex/stdnorm-3-1.pdf  used on input line 225.
(pdftex.def)             Requested size: 436.63019pt x 283.0568pt.


[5 <c:/Users/homeoffice/Dropbox/Uni/MZES/tea/2023/bayesintro/bayesintro/lecture-materials/pdf_files/figure-latex/stdnorm-1-1.pdf>]
<C:/Users/homeoffice/Dropbox/Uni/MZES/tea/2023/bayesintro/bayesintro/lecture-materials/pdf_files/figure-latex/stdnorm-5-1.pdf, id=77, 475.7775pt x 536.0025pt>
File: C:/Users/homeoffice/Dropbox/Uni/MZES/tea/2023/bayesintro/bayesintro/lecture-materials/pdf_files/figure-latex/stdnorm-5-1.pdf Graphic file (type pdf)
<use C:/Users/homeoffice/Dropbox/Uni/MZES/tea/2023/bayesintro/bayesintro/lecture-materials/pdf_files/figure-latex/stdnorm-5-1.pdf>
Package pdftex.def Info: C:/Users/homeoffice/Dropbox/Uni/MZES/tea/2023/bayesintro/bayesintro/lecture-materials/pdf_files/figure-latex/stdnorm-5-1.pdf  used on input line 241.
(pdftex.def)             Requested size: 469.77974pt x 529.24556pt.


[6 <c:/Users/homeoffice/Dropbox/Uni/MZES/tea/2023/bayesintro/bayesintro/lecture-materials/pdf_files/figure-latex/stdnorm-3-1.pdf>]
<C:/Users/homeoffice/Dropbox/Uni/MZES/tea/2023/bayesintro/bayesintro/lecture-materials/pdf_files/figure-latex/stdnorm-7-1.pdf, id=93, 436.63126pt x 283.0575pt>
File: C:/Users/homeoffice/Dropbox/Uni/MZES/tea/2023/bayesintro/bayesintro/lecture-materials/pdf_files/figure-latex/stdnorm-7-1.pdf Graphic file (type pdf)
<use C:/Users/homeoffice/Dropbox/Uni/MZES/tea/2023/bayesintro/bayesintro/lecture-materials/pdf_files/figure-latex/stdnorm-7-1.pdf>
Package pdftex.def Info: C:/Users/homeoffice/Dropbox/Uni/MZES/tea/2023/bayesintro/bayesintro/lecture-materials/pdf_files/figure-latex/stdnorm-7-1.pdf  used on input line 255.
(pdftex.def)             Requested size: 436.63019pt x 283.0568pt.


[7 <c:/Users/homeoffice/Dropbox/Uni/MZES/tea/2023/bayesintro/bayesintro/lecture-materials/pdf_files/figure-latex/stdnorm-5-1.pdf>]

[8 <c:/Users/homeoffice/Dropbox/Uni/MZES/tea/2023/bayesintro/bayesintro/lecture-materials/pdf_files/figure-latex/stdnorm-7-1.pdf>]
<C:/Users/homeoffice/Dropbox/Uni/MZES/tea/2023/bayesintro/bayesintro/lecture-materials/pdf_files/figure-latex/stdnorm-8-1.pdf, id=126, 422.57875pt x 283.0575pt>
File: C:/Users/homeoffice/Dropbox/Uni/MZES/tea/2023/bayesintro/bayesintro/lecture-materials/pdf_files/figure-latex/stdnorm-8-1.pdf Graphic file (type pdf)
<use C:/Users/homeoffice/Dropbox/Uni/MZES/tea/2023/bayesintro/bayesintro/lecture-materials/pdf_files/figure-latex/stdnorm-8-1.pdf>
Package pdftex.def Info: C:/Users/homeoffice/Dropbox/Uni/MZES/tea/2023/bayesintro/bayesintro/lecture-materials/pdf_files/figure-latex/stdnorm-8-1.pdf  used on input line 285.
(pdftex.def)             Requested size: 422.5906pt x 283.06543pt.


[9 <c:/Users/homeoffice/Dropbox/Uni/MZES/tea/2023/bayesintro/bayesintro/lecture-materials/pdf_files/figure-latex/stdnorm-8-1.pdf>]
<C:/Users/homeoffice/Dropbox/Uni/MZES/tea/2023/bayesintro/bayesintro/lecture-materials/pdf_files/figure-latex/bvnnorm-1-1.pdf, id=140, 376.40625pt x 401.5pt>
File: C:/Users/homeoffice/Dropbox/Uni/MZES/tea/2023/bayesintro/bayesintro/lecture-materials/pdf_files/figure-latex/bvnnorm-1-1.pdf Graphic file (type pdf)
<use C:/Users/homeoffice/Dropbox/Uni/MZES/tea/2023/bayesintro/bayesintro/lecture-materials/pdf_files/figure-latex/bvnnorm-1-1.pdf>
Package pdftex.def Info: C:/Users/homeoffice/Dropbox/Uni/MZES/tea/2023/bayesintro/bayesintro/lecture-materials/pdf_files/figure-latex/bvnnorm-1-1.pdf  used on input line 305.
(pdftex.def)             Requested size: 376.42828pt x 401.5235pt.


[10 <c:/Users/homeoffice/Dropbox/Uni/MZES/tea/2023/bayesintro/bayesintro/lecture-materials/pdf_files/figure-latex/bvnnorm-1-1.pdf>]
<C:/Users/homeoffice/Dropbox/Uni/MZES/tea/2023/bayesintro/bayesintro/lecture-materials/pdf_files/figure-latex/bvnnorm-2-1.pdf, id=158, 492.84125pt x 490.83376pt>
File: C:/Users/homeoffice/Dropbox/Uni/MZES/tea/2023/bayesintro/bayesintro/lecture-materials/pdf_files/figure-latex/bvnnorm-2-1.pdf Graphic file (type pdf)
<use C:/Users/homeoffice/Dropbox/Uni/MZES/tea/2023/bayesintro/bayesintro/lecture-materials/pdf_files/figure-latex/bvnnorm-2-1.pdf>
Package pdftex.def Info: C:/Users/homeoffice/Dropbox/Uni/MZES/tea/2023/bayesintro/bayesintro/lecture-materials/pdf_files/figure-latex/bvnnorm-2-1.pdf  used on input line 315.
(pdftex.def)             Requested size: 469.77574pt x 467.86221pt.
<C:/Users/homeoffice/Dropbox/Uni/MZES/tea/2023/bayesintro/bayesintro/lecture-materials/pdf_files/figure-latex/bvnnorm-3-1.pdf, id=159, 492.84125pt x 490.83376pt>
File: C:/Users/homeoffice/Dropbox/Uni/MZES/tea/2023/bayesintro/bayesintro/lecture-materials/pdf_files/figure-latex/bvnnorm-3-1.pdf Graphic file (type pdf)
<use C:/Users/homeoffice/Dropbox/Uni/MZES/tea/2023/bayesintro/bayesintro/lecture-materials/pdf_files/figure-latex/bvnnorm-3-1.pdf>
Package pdftex.def Info: C:/Users/homeoffice/Dropbox/Uni/MZES/tea/2023/bayesintro/bayesintro/lecture-materials/pdf_files/figure-latex/bvnnorm-3-1.pdf  used on input line 319.
(pdftex.def)             Requested size: 469.77574pt x 467.86221pt.


[11 <c:/Users/homeoffice/Dropbox/Uni/MZES/tea/2023/bayesintro/bayesintro/lecture-materials/pdf_files/figure-latex/bvnnorm-2-1.pdf>]
LaTeX Font Info:    Trying to load font information for TS1+lmr on input line 326.
(c:/Users/homeoffice/AppData/Roaming/TinyTeX/texmf-dist/tex/latex/lm/ts1lmr.fd
File: ts1lmr.fd 2015/05/01 v1.6.1 Font defs for Latin Modern
)

[12{c:/Users/homeoffice/AppData/Roaming/TinyTeX/texmf-dist/fonts/enc/dvips/lm/lm-ts1.enc} <c:/Users/homeoffice/Dropbox/Uni/MZES/tea/2023/bayesintro/bayesintro/lecture-materials/pdf_files/figure-latex/bvnnorm-3-1.pdf>]

[13]
<C:/Users/homeoffice/Dropbox/Uni/MZES/tea/2023/bayesintro/bayesintro/lecture-materials/pdf_files/figure-latex/sim-data-1.pdf, id=205, 475.7775pt x 434.62375pt>
File: C:/Users/homeoffice/Dropbox/Uni/MZES/tea/2023/bayesintro/bayesintro/lecture-materials/pdf_files/figure-latex/sim-data-1.pdf Graphic file (type pdf)
<use C:/Users/homeoffice/Dropbox/Uni/MZES/tea/2023/bayesintro/bayesintro/lecture-materials/pdf_files/figure-latex/sim-data-1.pdf>
Package pdftex.def Info: C:/Users/homeoffice/Dropbox/Uni/MZES/tea/2023/bayesintro/bayesintro/lecture-materials/pdf_files/figure-latex/sim-data-1.pdf  used on input line 384.
(pdftex.def)             Requested size: 469.77974pt x 429.14479pt.


[14 <c:/Users/homeoffice/Dropbox/Uni/MZES/tea/2023/bayesintro/bayesintro/lecture-materials/pdf_files/figure-latex/sim-data-1.pdf>]
<C:/Users/homeoffice/Dropbox/Uni/MZES/tea/2023/bayesintro/bayesintro/lecture-materials/pdf_files/figure-latex/sampling-dist-1.pdf, id=218, 475.7775pt x 432.61626pt>
File: C:/Users/homeoffice/Dropbox/Uni/MZES/tea/2023/bayesintro/bayesintro/lecture-materials/pdf_files/figure-latex/sampling-dist-1.pdf Graphic file (type pdf)
<use C:/Users/homeoffice/Dropbox/Uni/MZES/tea/2023/bayesintro/bayesintro/lecture-materials/pdf_files/figure-latex/sampling-dist-1.pdf>
Package pdftex.def Info: C:/Users/homeoffice/Dropbox/Uni/MZES/tea/2023/bayesintro/bayesintro/lecture-materials/pdf_files/figure-latex/sampling-dist-1.pdf  used on input line 396.
(pdftex.def)             Requested size: 469.77974pt x 427.16261pt.


[15]

[16 <c:/Users/homeoffice/Dropbox/Uni/MZES/tea/2023/bayesintro/bayesintro/lecture-materials/pdf_files/figure-latex/sampling-dist-1.pdf>]

[17{c:/Users/homeoffice/AppData/Roaming/TinyTeX/texmf-dist/fonts/enc/dvips/lm/lm-mathex.enc}]
<C:/Users/homeoffice/Dropbox/Uni/MZES/tea/2023/bayesintro/bayesintro/lecture-materials/pdf_files/figure-latex/sim-cis-1.pdf, id=247, 475.7775pt x 434.62375pt>
File: C:/Users/homeoffice/Dropbox/Uni/MZES/tea/2023/bayesintro/bayesintro/lecture-materials/pdf_files/figure-latex/sim-cis-1.pdf Graphic file (type pdf)
<use C:/Users/homeoffice/Dropbox/Uni/MZES/tea/2023/bayesintro/bayesintro/lecture-materials/pdf_files/figure-latex/sim-cis-1.pdf>
Package pdftex.def Info: C:/Users/homeoffice/Dropbox/Uni/MZES/tea/2023/bayesintro/bayesintro/lecture-materials/pdf_files/figure-latex/sim-cis-1.pdf  used on input line 476.
(pdftex.def)             Requested size: 469.77974pt x 429.14479pt.


[18 <c:/Users/homeoffice/Dropbox/Uni/MZES/tea/2023/bayesintro/bayesintro/lecture-materials/pdf_files/figure-latex/sim-cis-1.pdf>]

[19] (./pdf.aux)
 ***********
LaTeX2e <2024-11-01> patch level 1
L3 programming layer <2024-12-09>
 ***********
 ) 
Here is how much of TeX's memory you used:
 13551 strings out of 475213
 227103 string characters out of 5764972
 640910 words of memory out of 5000000
 36226 multiletter control sequences out of 15000+600000
 601972 words of font info for 71 fonts, out of 8000000 for 9000
 14 hyphenation exceptions out of 8191
 69i,6n,80p,962b,513s stack positions out of 10000i,1000n,20000p,200000b,200000s
<c:/Users/homeoffice/AppData/Roaming/TinyTeX/texmf-dist/fonts/type1/public/lm/lmbx10.pfb><c:/Users/homeoffice/AppData/Roaming/TinyTeX/texmf-dist/fonts/type1/public/lm/lmbx12.pfb><c:/Users/homeoffice/AppData/Roaming/TinyTeX/texmf-dist/fonts/type1/public/lm/lmex10.pfb><c:/Users/homeoffice/AppData/Roaming/TinyTeX/texmf-dist/fonts/type1/public/lm/lmmi10.pfb><c:/Users/homeoffice/AppData/Roaming/TinyTeX/texmf-dist/fonts/type1/public/lm/lmmi8.pfb><c:/Users/homeoffice/AppData/Roaming/TinyTeX/texmf-dist/fonts/type1/public/lm/lmr10.pfb><c:/Users/homeoffice/AppData/Roaming/TinyTeX/texmf-dist/fonts/type1/public/lm/lmr17.pfb><c:/Users/homeoffice/AppData/Roaming/TinyTeX/texmf-dist/fonts/type1/public/lm/lmr8.pfb><c:/Users/homeoffice/AppData/Roaming/TinyTeX/texmf-dist/fonts/type1/public/lm/lmri10.pfb><c:/Users/homeoffice/AppData/Roaming/TinyTeX/texmf-dist/fonts/type1/public/lm/lmsy10.pfb><c:/Users/homeoffice/AppData/Roaming/TinyTeX/texmf-dist/fonts/type1/public/lm/lmsy8.pfb><c:/Users/homeoffice/AppData/Roaming/TinyTeX/texmf-dist/fonts/type1/public/lm/lmtk10.pfb><c:/Users/homeoffice/AppData/Roaming/TinyTeX/texmf-dist/fonts/type1/public/lm/lmtt10.pfb><c:/Users/homeoffice/AppData/Roaming/TinyTeX/texmf-dist/fonts/type1/public/lm/lmtti10.pfb>
Output written on pdf.pdf (19 pages, 3307101 bytes).
PDF statistics:
 427 PDF objects out of 1000 (max. 8388607)
 331 compressed objects within 4 object streams
 50 named destinations out of 1000 (max. 500000)
 258 words of extra memory for PDF output out of 10000 (max. 10000000)

